#
# There is insufficient memory for the Java Runtime Environment to continue.
# Native memory allocation (malloc) failed to allocate 282096 bytes for Chunk::new
# Possible reasons:
#   The system is out of physical RAM or swap space
#   In 32 bit mode, the process size limit was hit
# Possible solutions:
#   Reduce memory load on the system
#   Increase physical memory or swap space
#   Check if swap backing store is full
#   Use 64 bit Java on a 64 bit OS
#   Decrease Java heap size (-Xmx/-Xms)
#   Decrease number of Java threads
#   Decrease Java thread stack sizes (-Xss)
#   Set larger code cache with -XX:ReservedCodeCacheSize=
# This output file may be truncated or incomplete.
#
#  Out of Memory Error (allocation.cpp:390), pid=1704, tid=0x0000000000002da8
#
# JRE version: OpenJDK Runtime Environment (8.0_152-b01) (build 1.8.0_152-release-1248-b01)
# Java VM: OpenJDK 64-Bit Server VM (25.152-b01 mixed mode windows-amd64 compressed oops)
# Failed to write core dump. Minidumps are not enabled by default on client versions of Windows
#

---------------  T H R E A D  ---------------

Current thread (0x0000000018983800):  JavaThread "C2 CompilerThread2" daemon [_thread_in_native, id=11688, stack(0x0000000019360000,0x0000000019460000)]

Stack: [0x0000000019360000,0x0000000019460000]
[error occurred during error reporting (printing stack bounds), id 0xc0000005]

Native frames: (J=compiled Java code, j=interpreted, Vv=VM code, C=native code)


Current CompileTask:
C2:8621674 23892  s!   4       org.gradle.internal.service.DefaultServiceRegistry$ManagedObjectServiceProvider::stop (59 bytes)


---------------  P R O C E S S  ---------------

Java Threads: ( => current thread )
  0x000000001c4e6000 JavaThread "pool-57-thread-1" [_thread_blocked, id=10780, stack(0x000000002af20000,0x000000002b020000)]
  0x000000001dbd2800 JavaThread "ForkJoinPool.commonPool-worker-4" daemon [_thread_blocked, id=13720, stack(0x000000002ab90000,0x000000002ac90000)]
  0x000000001dbcf800 JavaThread "ForkJoinPool.commonPool-worker-3" daemon [_thread_blocked, id=16060, stack(0x000000002aa90000,0x000000002ab90000)]
  0x000000001dbd4000 JavaThread "ForkJoinPool.commonPool-worker-2" daemon [_thread_blocked, id=17124, stack(0x000000002a990000,0x000000002aa90000)]
  0x000000001dbc6800 JavaThread "ForkJoinPool.commonPool-worker-1" daemon [_thread_blocked, id=9512, stack(0x000000002a890000,0x000000002a990000)]
  0x000000001dbc9800 JavaThread "ForkJoinPool.commonPool-worker-0" daemon [_thread_blocked, id=8052, stack(0x000000002a190000,0x000000002a290000)]
  0x000000001dbcc800 JavaThread "ForkJoinPool.commonPool-worker-7" daemon [_thread_blocked, id=3396, stack(0x00000000287c0000,0x00000000288c0000)]
  0x000000001dbcb000 JavaThread "ForkJoinPool.commonPool-worker-6" daemon [_thread_blocked, id=6988, stack(0x00000000264d0000,0x00000000265d0000)]
  0x000000001dbc8000 JavaThread "Tasks limiter_4" daemon [_thread_blocked, id=9116, stack(0x000000002a590000,0x000000002a690000)]
  0x000000001dbc7800 JavaThread "Tasks limiter_3" daemon [_thread_blocked, id=5072, stack(0x000000002a490000,0x000000002a590000)]
  0x000000001dbcc000 JavaThread "Tasks limiter_2" daemon [_thread_blocked, id=16948, stack(0x000000002a390000,0x000000002a490000)]
  0x000000001f308800 JavaThread "Tasks limiter_1" daemon [_thread_blocked, id=16696, stack(0x000000002a290000,0x000000002a390000)]
  0x000000001f305000 JavaThread "WorkerExecutor Queue Thread 7" [_thread_blocked, id=2120, stack(0x000000002a090000,0x000000002a190000)]
  0x000000001f304000 JavaThread "WorkerExecutor Queue Thread 6" [_thread_blocked, id=13880, stack(0x0000000029f90000,0x000000002a090000)]
  0x000000001f2fc800 JavaThread "WorkerExecutor Queue Thread 2" [_thread_blocked, id=13416, stack(0x00000000272d0000,0x00000000273d0000)]
  0x000000001f302800 JavaThread "Cache worker for task history cache (C:\Users\Zed\YandexDisk-Zed-Rustam\AndroidProjects\MyGraph\.gradle\4.10.1\taskHistory)" [_thread_blocked, id=2052, stack(0x0000000025dd0000,0x0000000025ed0000)]
  0x0000000027640800 JavaThread "Build operations Thread 8" [_thread_blocked, id=7908, stack(0x0000000024300000,0x0000000024400000)]
  0x0000000027645000 JavaThread "Build operations Thread 7" [_thread_blocked, id=16752, stack(0x0000000022b60000,0x0000000022c60000)]
  0x0000000027647800 JavaThread "Build operations Thread 6" [_thread_blocked, id=17220, stack(0x0000000022a60000,0x0000000022b60000)]
  0x000000002763c000 JavaThread "Build operations Thread 5" [_thread_blocked, id=16000, stack(0x0000000022960000,0x0000000022a60000)]
  0x000000002763f000 JavaThread "Build operations Thread 4" [_thread_blocked, id=8452, stack(0x0000000022860000,0x0000000022960000)]
  0x0000000027643000 JavaThread "Build operations Thread 3" [_thread_blocked, id=12924, stack(0x0000000022760000,0x0000000022860000)]
  0x000000002763b800 JavaThread "Build operations Thread 2" [_thread_blocked, id=7764, stack(0x0000000022660000,0x0000000022760000)]
  0x000000002763e800 JavaThread "Build operations" [_thread_blocked, id=16748, stack(0x0000000022560000,0x0000000022660000)]
  0x0000000027640000 JavaThread "Cache worker for file hash cache (C:\Users\Zed\YandexDisk-Zed-Rustam\AndroidProjects\MyGraph\.gradle\4.10.1\fileHashes)" [_thread_blocked, id=14892, stack(0x000000001bec0000,0x000000001bfc0000)]
  0x000000001ca9f800 JavaThread "Stdin handler" [_thread_blocked, id=14680, stack(0x000000001bdc0000,0x000000001bec0000)]
  0x000000001ca9e000 JavaThread "Asynchronous log dispatcher for DefaultDaemonConnection: socket connection from /127.0.0.1:63991 to /127.0.0.1:49205" [_thread_blocked, id=3384, stack(0x000000001bac0000,0x000000001bbc0000)]
  0x000000001caa0800 JavaThread "Daemon worker Thread 9" [_thread_in_Java, id=13616, stack(0x000000001b9c0000,0x000000001bac0000)]
  0x000000001ca9c800 JavaThread "Cancel handler" [_thread_blocked, id=12276, stack(0x000000001b8c0000,0x000000001b9c0000)]
  0x000000001ca9c000 JavaThread "Handler for socket connection from /127.0.0.1:63991 to /127.0.0.1:49205" [_thread_in_native, id=3180, stack(0x000000001b7c0000,0x000000001b8c0000)]
  0x000000001ca9f000 JavaThread "Daemon Thread 9" [_thread_blocked, id=3560, stack(0x00000000010f0000,0x00000000011f0000)]
  0x000000001caa1000 JavaThread "Cache worker for Java compile cache (C:\Users\Zed\.gradle\caches\4.10.1\javaCompile)" [_thread_blocked, id=3312, stack(0x00000000252d0000,0x00000000253d0000)]
  0x000000001c4f0000 JavaThread "Cache worker for file content cache (C:\Users\Zed\.gradle\caches\4.10.1\fileContent)" [_thread_blocked, id=9280, stack(0x0000000024200000,0x0000000024300000)]
  0x000000001c4ef800 JavaThread "Memory manager" [_thread_blocked, id=15056, stack(0x0000000023260000,0x0000000023360000)]
  0x000000001bfe0000 JavaThread "Cache worker for Artifact transforms cache (C:\Users\Zed\.gradle\caches\transforms-1)" [_thread_blocked, id=8668, stack(0x0000000020f90000,0x0000000021090000)]
  0x000000001bfe2000 JavaThread "Cache worker for journal cache (C:\Users\Zed\.gradle\caches\journal-1)" [_thread_blocked, id=16856, stack(0x000000001e460000,0x000000001e560000)]
  0x000000001c482800 JavaThread "File lock request listener" [_thread_in_native, id=7844, stack(0x000000001d290000,0x000000001d390000)]
  0x000000001bfdd000 JavaThread "Cache worker for file hash cache (C:\Users\Zed\.gradle\caches\4.10.1\fileHashes)" [_thread_blocked, id=1720, stack(0x000000001d190000,0x000000001d290000)]
  0x000000001a91f000 JavaThread "Daemon periodic checks" [_thread_blocked, id=15536, stack(0x000000001b6c0000,0x000000001b7c0000)]
  0x000000001a92f800 JavaThread "Incoming local TCP Connector on port 63991" [_thread_in_native, id=12516, stack(0x000000001b470000,0x000000001b570000)]
  0x0000000018a1d800 JavaThread "Service Thread" daemon [_thread_blocked, id=14220, stack(0x0000000019560000,0x0000000019660000)]
  0x0000000018990000 JavaThread "C1 CompilerThread3" daemon [_thread_in_native, id=14120, stack(0x0000000019460000,0x0000000019560000)]
=>0x0000000018983800 JavaThread "C2 CompilerThread2" daemon [_thread_in_native, id=11688, stack(0x0000000019360000,0x0000000019460000)]
  0x0000000018982800 JavaThread "C2 CompilerThread1" daemon [_thread_blocked, id=5644, stack(0x0000000019260000,0x0000000019360000)]
  0x000000001897d000 JavaThread "C2 CompilerThread0" daemon [_thread_in_native, id=15384, stack(0x0000000019160000,0x0000000019260000)]
  0x000000001897c000 JavaThread "Attach Listener" daemon [_thread_blocked, id=17140, stack(0x0000000019060000,0x0000000019160000)]
  0x000000001897b000 JavaThread "Signal Dispatcher" daemon [_thread_blocked, id=16308, stack(0x0000000018f60000,0x0000000019060000)]
  0x0000000002cad800 JavaThread "Finalizer" daemon [_thread_blocked, id=14792, stack(0x0000000018d50000,0x0000000018e50000)]
  0x0000000016a6c800 JavaThread "Reference Handler" daemon [_thread_blocked, id=15356, stack(0x0000000018850000,0x0000000018950000)]
  0x00000000009fe000 JavaThread "main" [_thread_blocked, id=16352, stack(0x00000000029b0000,0x0000000002ab0000)]

Other Threads:
  0x0000000016a65800 VMThread [stack: 0x0000000018750000,0x0000000018850000] [id=13252]
  0x00000000189e0800 WatcherThread [stack: 0x0000000019660000,0x0000000019760000] [id=14508]

VM state:not at safepoint (normal execution)

VM Mutex/Monitor currently owned by a thread: None

Heap:
 PSYoungGen      total 312832K, used 239087K [0x00000000e0000000, 0x00000000f7980000, 0x0000000100000000)
  eden space 244224K, 95% used [0x00000000e0000000,0x00000000ee3c4168,0x00000000eee80000)
  from space 68608K, 8% used [0x00000000f3680000,0x00000000f3c37b08,0x00000000f7980000)
  to   space 71168K, 0% used [0x00000000eee80000,0x00000000eee80000,0x00000000f3400000)
 ParOldGen       total 285184K, used 65642K [0x00000000a0000000, 0x00000000b1680000, 0x00000000e0000000)
  object space 285184K, 23% used [0x00000000a0000000,0x00000000a401ab18,0x00000000b1680000)
 Metaspace       used 101116K, capacity 105130K, committed 106520K, reserved 1144832K
  class space    used 12549K, capacity 13296K, committed 13592K, reserved 1048576K

Card table byte_map: [0x0000000012070000,0x0000000012380000] byte_map_base: 0x0000000011b70000

Marking Bits: (ParMarkBitMap*) 0x00000000633c5aa0
 Begin Bits: [0x0000000012d80000, 0x0000000014580000)
 End Bits:   [0x0000000014580000, 0x0000000015d80000)

Polling page: 0x00000000011f0000

CodeCache: size=245760Kb used=62997Kb max_used=63553Kb free=182762Kb
 bounds [0x0000000002cb0000, 0x0000000006b30000, 0x0000000011cb0000]
 total_blobs=19252 nmethods=18351 adapters=811
 compilation: enabled

Compilation events (10 events):
Event: 8621.634 Thread 0x0000000018990000 nmethod 23893 0x000000000304ed90 code [0x000000000304eee0, 0x000000000304eff0]
Event: 8621.648 Thread 0x0000000018990000 23894       1       java.util.concurrent.atomic.AtomicReference::set (6 bytes)
Event: 8621.649 Thread 0x0000000018990000 nmethod 23894 0x0000000003182210 code [0x0000000003182360, 0x0000000003182490]
Event: 8621.655 Thread 0x0000000018990000 23895       3       sun.misc.Unsafe::getAndSetObject (24 bytes)
Event: 8621.655 Thread 0x0000000018990000 nmethod 23895 0x00000000032ea490 code [0x00000000032ea600, 0x00000000032ea810]
Event: 8621.665 Thread 0x0000000018982800 23896       4       java.util.Collections$UnmodifiableList::get (11 bytes)
Event: 8621.665 Thread 0x0000000018990000 23897       3       com.google.protobuf.CodedOutputStream::computeUInt32SizeNoTag (39 bytes)
Event: 8621.666 Thread 0x0000000018990000 nmethod 23897 0x0000000003abc690 code [0x0000000003abc800, 0x0000000003abca90]
Event: 8621.668 Thread 0x0000000018982800 nmethod 23896 0x0000000004033ad0 code [0x0000000004033c20, 0x0000000004033d58]
Event: 8621.672 Thread 0x0000000018990000 23898       3       com.google.protobuf.CodedOutputStream$ArrayEncoder::writeBool (21 bytes)

GC Heap History (10 events):
Event: 8612.885 GC heap before
{Heap before GC invocations=42 (full 4):
 PSYoungGen      total 206848K, used 206824K [0x00000000e0000000, 0x00000000f1e80000, 0x0000000100000000)
  eden space 162816K, 100% used [0x00000000e0000000,0x00000000e9f00000,0x00000000e9f00000)
  from space 44032K, 99% used [0x00000000e9f00000,0x00000000ec9fa0c0,0x00000000eca00000)
  to   space 50688K, 0% used [0x00000000eed00000,0x00000000eed00000,0x00000000f1e80000)
 ParOldGen       total 285184K, used 51932K [0x00000000a0000000, 0x00000000b1680000, 0x00000000e0000000)
  object space 285184K, 18% used [0x00000000a0000000,0x00000000a32b71d0,0x00000000b1680000)
 Metaspace       used 97384K, capacity 101352K, committed 102680K, reserved 1138688K
  class space    used 12078K, capacity 12849K, committed 13080K, reserved 1048576K
Event: 8612.923 GC heap after
Heap after GC invocations=42 (full 4):
 PSYoungGen      total 235008K, used 50676K [0x00000000e0000000, 0x00000000f2f00000, 0x0000000100000000)
  eden space 184320K, 0% used [0x00000000e0000000,0x00000000e0000000,0x00000000eb400000)
  from space 50688K, 99% used [0x00000000eed00000,0x00000000f1e7d0b0,0x00000000f1e80000)
  to   space 58368K, 0% used [0x00000000eb400000,0x00000000eb400000,0x00000000eed00000)
 ParOldGen       total 285184K, used 52644K [0x00000000a0000000, 0x00000000b1680000, 0x00000000e0000000)
  object space 285184K, 18% used [0x00000000a0000000,0x00000000a33691d0,0x00000000b1680000)
 Metaspace       used 97384K, capacity 101352K, committed 102680K, reserved 1138688K
  class space    used 12078K, capacity 12849K, committed 13080K, reserved 1048576K
}
Event: 8613.255 GC heap before
{Heap before GC invocations=43 (full 4):
 PSYoungGen      total 235008K, used 234996K [0x00000000e0000000, 0x00000000f2f00000, 0x0000000100000000)
  eden space 184320K, 100% used [0x00000000e0000000,0x00000000eb400000,0x00000000eb400000)
  from space 50688K, 99% used [0x00000000eed00000,0x00000000f1e7d0b0,0x00000000f1e80000)
  to   space 58368K, 0% used [0x00000000eb400000,0x00000000eb400000,0x00000000eed00000)
 ParOldGen       total 285184K, used 52644K [0x00000000a0000000, 0x00000000b1680000, 0x00000000e0000000)
  object space 285184K, 18% used [0x00000000a0000000,0x00000000a33691d0,0x00000000b1680000)
 Metaspace       used 97384K, capacity 101352K, committed 102680K, reserved 1138688K
  class space    used 12078K, capacity 12849K, committed 13080K, reserved 1048576K
Event: 8613.276 GC heap after
Heap after GC invocations=43 (full 4):
 PSYoungGen      total 242688K, used 52192K [0x00000000e0000000, 0x00000000f5480000, 0x0000000100000000)
  eden space 184320K, 0% used [0x00000000e0000000,0x00000000e0000000,0x00000000eb400000)
  from space 58368K, 89% used [0x00000000eb400000,0x00000000ee6f8000,0x00000000eed00000)
  to   space 65024K, 0% used [0x00000000f1500000,0x00000000f1500000,0x00000000f5480000)
 ParOldGen       total 285184K, used 59418K [0x00000000a0000000, 0x00000000b1680000, 0x00000000e0000000)
  object space 285184K, 20% used [0x00000000a0000000,0x00000000a3a06b18,0x00000000b1680000)
 Metaspace       used 97384K, capacity 101352K, committed 102680K, reserved 1138688K
  class space    used 12078K, capacity 12849K, committed 13080K, reserved 1048576K
}
Event: 8613.573 GC heap before
{Heap before GC invocations=44 (full 4):
 PSYoungGen      total 242688K, used 236512K [0x00000000e0000000, 0x00000000f5480000, 0x0000000100000000)
  eden space 184320K, 100% used [0x00000000e0000000,0x00000000eb400000,0x00000000eb400000)
  from space 58368K, 89% used [0x00000000eb400000,0x00000000ee6f8000,0x00000000eed00000)
  to   space 65024K, 0% used [0x00000000f1500000,0x00000000f1500000,0x00000000f5480000)
 ParOldGen       total 285184K, used 59418K [0x00000000a0000000, 0x00000000b1680000, 0x00000000e0000000)
  object space 285184K, 20% used [0x00000000a0000000,0x00000000a3a06b18,0x00000000b1680000)
 Metaspace       used 97384K, capacity 101352K, committed 102680K, reserved 1138688K
  class space    used 12078K, capacity 12849K, committed 13080K, reserved 1048576K
Event: 8613.607 GC heap after
Heap after GC invocations=44 (full 4):
 PSYoungGen      total 278016K, used 54336K [0x00000000e0000000, 0x00000000f6100000, 0x0000000100000000)
  eden space 212992K, 0% used [0x00000000e0000000,0x00000000e0000000,0x00000000ed000000)
  from space 65024K, 83% used [0x00000000f1500000,0x00000000f4a10000,0x00000000f5480000)
  to   space 70656K, 0% used [0x00000000ed000000,0x00000000ed000000,0x00000000f1500000)
 ParOldGen       total 285184K, used 65434K [0x00000000a0000000, 0x00000000b1680000, 0x00000000e0000000)
  object space 285184K, 22% used [0x00000000a0000000,0x00000000a3fe6b18,0x00000000b1680000)
 Metaspace       used 97384K, capacity 101352K, committed 102680K, reserved 1138688K
  class space    used 12078K, capacity 12849K, committed 13080K, reserved 1048576K
}
Event: 8616.378 GC heap before
{Heap before GC invocations=45 (full 4):
 PSYoungGen      total 278016K, used 267328K [0x00000000e0000000, 0x00000000f6100000, 0x0000000100000000)
  eden space 212992K, 100% used [0x00000000e0000000,0x00000000ed000000,0x00000000ed000000)
  from space 65024K, 83% used [0x00000000f1500000,0x00000000f4a10000,0x00000000f5480000)
  to   space 70656K, 0% used [0x00000000ed000000,0x00000000ed000000,0x00000000f1500000)
 ParOldGen       total 285184K, used 65434K [0x00000000a0000000, 0x00000000b1680000, 0x00000000e0000000)
  object space 285184K, 22% used [0x00000000a0000000,0x00000000a3fe6b18,0x00000000b1680000)
 Metaspace       used 99233K, capacity 103196K, committed 104600K, reserved 1140736K
  class space    used 12359K, capacity 13143K, committed 13464K, reserved 1048576K
Event: 8616.387 GC heap after
Heap after GC invocations=45 (full 4):
 PSYoungGen      total 283648K, used 5229K [0x00000000e0000000, 0x00000000f7c00000, 0x0000000100000000)
  eden space 212992K, 0% used [0x00000000e0000000,0x00000000e0000000,0x00000000ed000000)
  from space 70656K, 7% used [0x00000000ed000000,0x00000000ed51b410,0x00000000f1500000)
  to   space 71168K, 0% used [0x00000000f3680000,0x00000000f3680000,0x00000000f7c00000)
 ParOldGen       total 285184K, used 65610K [0x00000000a0000000, 0x00000000b1680000, 0x00000000e0000000)
  object space 285184K, 23% used [0x00000000a0000000,0x00000000a4012b18,0x00000000b1680000)
 Metaspace       used 99233K, capacity 103196K, committed 104600K, reserved 1140736K
  class space    used 12359K, capacity 13143K, committed 13464K, reserved 1048576K
}
Event: 8618.169 GC heap before
{Heap before GC invocations=46 (full 4):
 PSYoungGen      total 283648K, used 218221K [0x00000000e0000000, 0x00000000f7c00000, 0x0000000100000000)
  eden space 212992K, 100% used [0x00000000e0000000,0x00000000ed000000,0x00000000ed000000)
  from space 70656K, 7% used [0x00000000ed000000,0x00000000ed51b410,0x00000000f1500000)
  to   space 71168K, 0% used [0x00000000f3680000,0x00000000f3680000,0x00000000f7c00000)
 ParOldGen       total 285184K, used 65610K [0x00000000a0000000, 0x00000000b1680000, 0x00000000e0000000)
  object space 285184K, 23% used [0x00000000a0000000,0x00000000a4012b18,0x00000000b1680000)
 Metaspace       used 100518K, capacity 104520K, committed 106008K, reserved 1142784K
  class space    used 12494K, capacity 13279K, committed 13592K, reserved 1048576K
Event: 8618.180 GC heap after
Heap after GC invocations=46 (full 4):
 PSYoungGen      total 312832K, used 5854K [0x00000000e0000000, 0x00000000f7980000, 0x0000000100000000)
  eden space 244224K, 0% used [0x00000000e0000000,0x00000000e0000000,0x00000000eee80000)
  from space 68608K, 8% used [0x00000000f3680000,0x00000000f3c37b08,0x00000000f7980000)
  to   space 71168K, 0% used [0x00000000eee80000,0x00000000eee80000,0x00000000f3400000)
 ParOldGen       total 285184K, used 65642K [0x00000000a0000000, 0x00000000b1680000, 0x00000000e0000000)
  object space 285184K, 23% used [0x00000000a0000000,0x00000000a401ab18,0x00000000b1680000)
 Metaspace       used 100518K, capacity 104520K, committed 106008K, reserved 1142784K
  class space    used 12494K, capacity 13279K, committed 13592K, reserved 1048576K
}

Deoptimization events (10 events):
Event: 8621.661 Thread 0x000000001caa0800 Uncommon trap: reason=unstable_if action=reinterpret pc=0x00000000036fbbd4 method=org.gradle.internal.concurrent.CompositeStoppable.stop()V @ 105
Event: 8621.661 Thread 0x000000001caa0800 Uncommon trap: reason=unstable_if action=reinterpret pc=0x00000000036fbbd4 method=org.gradle.internal.concurrent.CompositeStoppable.stop()V @ 105
Event: 8621.662 Thread 0x000000001caa0800 Uncommon trap: reason=unstable_if action=reinterpret pc=0x00000000036fbbd4 method=org.gradle.internal.concurrent.CompositeStoppable.stop()V @ 105
Event: 8621.662 Thread 0x000000001caa0800 Uncommon trap: reason=unstable_if action=reinterpret pc=0x00000000036fbbd4 method=org.gradle.internal.concurrent.CompositeStoppable.stop()V @ 105
Event: 8621.662 Thread 0x000000001caa0800 Uncommon trap: reason=unstable_if action=reinterpret pc=0x00000000036fbbd4 method=org.gradle.internal.concurrent.CompositeStoppable.stop()V @ 105
Event: 8621.665 Thread 0x000000001caa0800 Uncommon trap: reason=unstable_if action=reinterpret pc=0x00000000032dae88 method=com.google.protobuf.CodedOutputStream.computeUInt32SizeNoTag(I)I @ 14
Event: 8621.668 Thread 0x000000001caa0800 Uncommon trap: reason=class_check action=maybe_recompile pc=0x00000000063315a0 method=gnu.trove.TObjectHash.computeHashCode(Ljava/lang/Object;)I @ 5
Event: 8621.668 Thread 0x000000001caa0800 Uncommon trap: reason=class_check action=maybe_recompile pc=0x0000000006331888 method=gnu.trove.TObjectHash.equals(Ljava/lang/Object;Ljava/lang/Object;)Z @ 6
Event: 8621.668 Thread 0x000000001caa0800 Uncommon trap: reason=class_check action=maybe_recompile pc=0x00000000063315a0 method=gnu.trove.TObjectHash.computeHashCode(Ljava/lang/Object;)I @ 5
Event: 8621.668 Thread 0x000000001caa0800 Uncommon trap: reason=class_check action=maybe_recompile pc=0x0000000006331888 method=gnu.trove.TObjectHash.equals(Ljava/lang/Object;Ljava/lang/Object;)Z @ 6

Classes redefined (0 events):
No events

Internal exceptions (10 events):
Event: 8621.603 Thread 0x000000001c4e6000 Exception <a 'java/lang/OutOfMemoryError'> (0x00000000edfb5118) thrown at [D:\src\AOSP-openjdk-cygwin\jdk8u\hotspot\src\share\vm\prims\jni.cpp, line 735]
Event: 8621.603 Thread 0x000000001c4e6000 Exception <a 'java/lang/OutOfMemoryError'> (0x00000000edfb5830) thrown at [D:\src\AOSP-openjdk-cygwin\jdk8u\hotspot\src\share\vm\prims\jni.cpp, line 735]
Event: 8621.604 Thread 0x000000001c4e6000 Exception <a 'java/lang/OutOfMemoryError'> (0x00000000edfb5f48) thrown at [D:\src\AOSP-openjdk-cygwin\jdk8u\hotspot\src\share\vm\prims\jni.cpp, line 735]
Event: 8621.604 Thread 0x000000001c4e6000 Exception <a 'java/lang/OutOfMemoryError'> (0x00000000edfb6660) thrown at [D:\src\AOSP-openjdk-cygwin\jdk8u\hotspot\src\share\vm\prims\jni.cpp, line 735]
Event: 8621.605 Thread 0x000000001c4e6000 Exception <a 'java/lang/OutOfMemoryError'> (0x00000000edfb6d78) thrown at [D:\src\AOSP-openjdk-cygwin\jdk8u\hotspot\src\share\vm\prims\jni.cpp, line 735]
Event: 8621.605 Thread 0x000000001c4e6000 Exception <a 'java/lang/OutOfMemoryError'> (0x00000000edfb7490) thrown at [D:\src\AOSP-openjdk-cygwin\jdk8u\hotspot\src\share\vm\prims\jni.cpp, line 735]
Event: 8621.605 Thread 0x000000001c4e6000 Exception <a 'java/lang/OutOfMemoryError'> (0x00000000edfb7ba8) thrown at [D:\src\AOSP-openjdk-cygwin\jdk8u\hotspot\src\share\vm\prims\jni.cpp, line 735]
Event: 8621.606 Thread 0x000000001c4e6000 Exception <a 'java/lang/OutOfMemoryError'> (0x00000000edfb82c0) thrown at [D:\src\AOSP-openjdk-cygwin\jdk8u\hotspot\src\share\vm\prims\jni.cpp, line 735]
Event: 8621.612 Thread 0x000000001f302800 Exception <a 'java/lang/OutOfMemoryError'> (0x00000000e45c19c8) thrown at [D:\src\AOSP-openjdk-cygwin\jdk8u\hotspot\src\share\vm\prims\jni.cpp, line 735]
Event: 8621.614 Thread 0x000000001f2fc000 Exception <a 'java/lang/NoSuchMethodError': <clinit>> (0x00000000e480a928) thrown at [D:\src\AOSP-openjdk-cygwin\jdk8u\hotspot\src\share\vm\prims\jni.cpp, line 1613]

Events (10 events):
Event: 8621.670 Executing VM operation: RevokeBias done
Event: 8621.670 Executing VM operation: RevokeBias
Event: 8621.670 Executing VM operation: RevokeBias done
Event: 8621.670 Thread 0x0000000018990000 flushing nmethod 0x0000000004e81350
Event: 8621.670 Executing VM operation: RevokeBias
Event: 8621.670 Executing VM operation: RevokeBias done
Event: 8621.671 Executing VM operation: RevokeBias
Event: 8621.671 Executing VM operation: RevokeBias done
Event: 8621.671 loading class com/intellij/util/graph/DFSTBuilder
Event: 8621.671 loading class com/intellij/util/graph/DFSTBuilder done


Dynamic libraries:
0x00007ff7052e0000 - 0x00007ff705311000 	C:\Program Files\Android\Android Studio\jre\bin\java.exe
0x00007ff949a20000 - 0x00007ff949c10000 	C:\WINDOWS\SYSTEM32\ntdll.dll
0x00007ff9484c0000 - 0x00007ff948572000 	C:\WINDOWS\System32\KERNEL32.DLL
0x00007ff946b30000 - 0x00007ff946dd2000 	C:\WINDOWS\System32\KERNELBASE.dll
0x00007ff948260000 - 0x00007ff948303000 	C:\WINDOWS\System32\ADVAPI32.dll
0x00007ff9481c0000 - 0x00007ff94825e000 	C:\WINDOWS\System32\msvcrt.dll
0x00007ff948750000 - 0x00007ff9487e7000 	C:\WINDOWS\System32\sechost.dll
0x00007ff948da0000 - 0x00007ff948ec0000 	C:\WINDOWS\System32\RPCRT4.dll
0x00007ff948320000 - 0x00007ff9484b3000 	C:\WINDOWS\System32\USER32.dll
0x00007ff946e00000 - 0x00007ff946e21000 	C:\WINDOWS\System32\win32u.dll
0x00007ff948880000 - 0x00007ff9488a6000 	C:\WINDOWS\System32\GDI32.dll
0x00007ff946e60000 - 0x00007ff946ff4000 	C:\WINDOWS\System32\gdi32full.dll
0x00007ff946a90000 - 0x00007ff946b2e000 	C:\WINDOWS\System32\msvcp_win.dll
0x00007ff9478d0000 - 0x00007ff9479ca000 	C:\WINDOWS\System32\ucrtbase.dll
0x00007ff932480000 - 0x00007ff932705000 	C:\WINDOWS\WinSxS\amd64_microsoft.windows.common-controls_6595b64144ccf1df_6.0.18362.53_none_a1435cd8519dc9c0\COMCTL32.dll
0x00007ff948a60000 - 0x00007ff948d96000 	C:\WINDOWS\System32\combase.dll
0x00007ff9469b0000 - 0x00007ff946a31000 	C:\WINDOWS\System32\bcryptPrimitives.dll
0x00007ff948f90000 - 0x00007ff948fbe000 	C:\WINDOWS\System32\IMM32.DLL
0x0000000062a40000 - 0x0000000062b12000 	C:\Program Files\Android\Android Studio\jre\jre\bin\msvcr100.dll
0x0000000062c00000 - 0x0000000063441000 	C:\Program Files\Android\Android Studio\jre\jre\bin\server\jvm.dll
0x00007ff948310000 - 0x00007ff948318000 	C:\WINDOWS\System32\PSAPI.DLL
0x00007ff93e920000 - 0x00007ff93e944000 	C:\WINDOWS\SYSTEM32\WINMM.dll
0x00007ff929e70000 - 0x00007ff929e79000 	C:\WINDOWS\SYSTEM32\WSOCK32.dll
0x00007ff92f3a0000 - 0x00007ff92f3aa000 	C:\WINDOWS\SYSTEM32\VERSION.dll
0x00007ff948970000 - 0x00007ff9489df000 	C:\WINDOWS\System32\WS2_32.dll
0x00007ff93e860000 - 0x00007ff93e88d000 	C:\WINDOWS\SYSTEM32\winmmbase.dll
0x00007ff946a40000 - 0x00007ff946a8a000 	C:\WINDOWS\System32\cfgmgr32.dll
0x00007ff935b90000 - 0x00007ff935b9f000 	C:\Program Files\Android\Android Studio\jre\jre\bin\verify.dll
0x00007ff9353d0000 - 0x00007ff9353f9000 	C:\Program Files\Android\Android Studio\jre\jre\bin\java.dll
0x00007ff931720000 - 0x00007ff931736000 	C:\Program Files\Android\Android Studio\jre\jre\bin\zip.dll
0x00007ff949300000 - 0x00007ff9499e0000 	C:\WINDOWS\System32\SHELL32.dll
0x00007ff949250000 - 0x00007ff9492f9000 	C:\WINDOWS\System32\shcore.dll
0x00007ff947000000 - 0x00007ff94777b000 	C:\WINDOWS\System32\windows.storage.dll
0x00007ff946940000 - 0x00007ff94695f000 	C:\WINDOWS\System32\profapi.dll
0x00007ff946960000 - 0x00007ff9469aa000 	C:\WINDOWS\System32\powrprof.dll
0x00007ff9468f0000 - 0x00007ff946900000 	C:\WINDOWS\System32\UMPDC.dll
0x00007ff948910000 - 0x00007ff948962000 	C:\WINDOWS\System32\shlwapi.dll
0x00007ff946920000 - 0x00007ff946931000 	C:\WINDOWS\System32\kernel.appcore.dll
0x00007ff946de0000 - 0x00007ff946df7000 	C:\WINDOWS\System32\cryptsp.dll
0x00007ff926280000 - 0x00007ff92629a000 	C:\Program Files\Android\Android Studio\jre\jre\bin\net.dll
0x00007ff946160000 - 0x00007ff9461c7000 	C:\WINDOWS\system32\mswsock.dll
0x00007ff921810000 - 0x00007ff921821000 	C:\Program Files\Android\Android Studio\jre\jre\bin\nio.dll
0x00007ff93b4c0000 - 0x00007ff93b4de000 	C:\Users\Zed\.gradle\native\25\windows-amd64\native-platform.dll
0x00007ff9353c0000 - 0x00007ff9353cd000 	C:\Program Files\Android\Android Studio\jre\jre\bin\management.dll
0x00007ff945d20000 - 0x00007ff945d53000 	C:\WINDOWS\system32\rsaenh.dll
0x00007ff946e30000 - 0x00007ff946e56000 	C:\WINDOWS\System32\bcrypt.dll
0x00007ff946810000 - 0x00007ff946835000 	C:\WINDOWS\SYSTEM32\USERENV.dll
0x00007ff946330000 - 0x00007ff94633c000 	C:\WINDOWS\SYSTEM32\CRYPTBASE.dll
0x00007ff945ec0000 - 0x00007ff945efa000 	C:\WINDOWS\SYSTEM32\IPHLPAPI.DLL
0x00007ff949240000 - 0x00007ff949248000 	C:\WINDOWS\System32\NSI.dll
0x00007ff938ff0000 - 0x00007ff939006000 	C:\WINDOWS\SYSTEM32\dhcpcsvc6.DLL
0x00007ff938fd0000 - 0x00007ff938fec000 	C:\WINDOWS\SYSTEM32\dhcpcsvc.DLL
0x00007ff945f00000 - 0x00007ff945fca000 	C:\WINDOWS\SYSTEM32\DNSAPI.dll
0x00007ff9177e0000 - 0x00007ff9177f6000 	C:\WINDOWS\system32\napinsp.dll
0x00007ff9177c0000 - 0x00007ff9177da000 	C:\WINDOWS\system32\pnrpnsp.dll
0x00007ff9316f0000 - 0x00007ff9316fe000 	C:\WINDOWS\System32\winrnr.dll
0x00007ff93e180000 - 0x00007ff93e19c000 	C:\WINDOWS\system32\NLAapi.dll
0x00007ff93e3c0000 - 0x00007ff93e3d5000 	C:\WINDOWS\system32\wshbth.dll
0x00007ff93b300000 - 0x00007ff93b30a000 	C:\Windows\System32\rasadhlp.dll
0x00007ff9369b0000 - 0x00007ff936a27000 	C:\WINDOWS\System32\fwpuclnt.dll
0x00007ff9459a0000 - 0x00007ff9459d1000 	C:\WINDOWS\SYSTEM32\ntmarta.dll

VM Arguments:
jvm_args: -Xmx1536m -Dfile.encoding=windows-1251 -Duser.country=RU -Duser.language=ru -Duser.variant 
java_command: org.gradle.launcher.daemon.bootstrap.GradleDaemon 4.10.1
java_class_path (initial): C:\Users\Zed\.gradle\wrapper\dists\gradle-4.10.1-all\455itskqi2qtf0v2sja68alqd\gradle-4.10.1\lib\gradle-launcher-4.10.1.jar
Launcher Type: SUN_STANDARD

Environment Variables:
PATH=C:\Program Files (x86)\Common Files\Oracle\Java\javapath;C:\Program Files (x86)\Intel\Intel(R) Management Engine Components\iCLS\;C:\Program Files\Intel\Intel(R) Management Engine Components\iCLS\;C:\WINDOWS\system32;C:\WINDOWS;C:\WINDOWS\System32\Wbem;C:\WINDOWS\System32\WindowsPowerShell\v1.0\;C:\WINDOWS\System32\OpenSSH\;C:\Program Files (x86)\Intel\Intel(R) Management Engine Components\DAL;C:\Program Files\Intel\Intel(R) Management Engine Components\DAL;C:\Program Files (x86)\Intel\Intel(R) Management Engine Components\IPT;C:\Program Files\Intel\Intel(R) Management Engine Components\IPT;C:\Program Files\Intel\WiFi\bin\;C:\Program Files\Common Files\Intel\WirelessCommon\;C:\Program Files\dotnet\;C:\Users\Zed\AppData\Local\Programs\Python\Python36\Scripts\;C:\Users\Zed\AppData\Local\Programs\Python\Python36\;C:\Users\Zed\AppData\Local\Microsoft\WindowsApps;
USERNAME=Zed
OS=Windows_NT
PROCESSOR_IDENTIFIER=Intel64 Family 6 Model 142 Stepping 10, GenuineIntel



---------------  S Y S T E M  ---------------

OS: Windows 10.0 , 64 bit Build 18362 (10.0.18362.53)

CPU:total 8 (initial active 8) (4 cores per cpu, 2 threads per core) family 6 model 142 stepping 10, cmov, cx8, fxsr, mmx, sse, sse2, sse3, ssse3, sse4.1, sse4.2, popcnt, avx, avx2, aes, clmul, erms, 3dnowpref, lzcnt, ht, tsc, tscinvbit, bmi1, bmi2, adx

Memory: 4k page, physical 12421860k(1374264k free), swap 12421860k(3096k free)

vm_info: OpenJDK 64-Bit Server VM (25.152-b01) for windows-amd64 JRE (1.8.0_152-release-1248-b01), built by "builder" with MS VC++ 10.0 (VS2010)

time: Sun Apr 14 12:00:19 2019
elapsed time: 8621 seconds (0d 2h 23m 41s)

