#
# There is insufficient memory for the Java Runtime Environment to continue.
# Native memory allocation (malloc) failed to allocate 1191376 bytes for Chunk::new
# Possible reasons:
#   The system is out of physical RAM or swap space
#   In 32 bit mode, the process size limit was hit
# Possible solutions:
#   Reduce memory load on the system
#   Increase physical memory or swap space
#   Check if swap backing store is full
#   Use 64 bit Java on a 64 bit OS
#   Decrease Java heap size (-Xmx/-Xms)
#   Decrease number of Java threads
#   Decrease Java thread stack sizes (-Xss)
#   Set larger code cache with -XX:ReservedCodeCacheSize=
# This output file may be truncated or incomplete.
#
#  Out of Memory Error (allocation.cpp:390), pid=18428, tid=0x00000000000039e0
#
# JRE version: OpenJDK Runtime Environment (8.0_152-b01) (build 1.8.0_152-release-1248-b01)
# Java VM: OpenJDK 64-Bit Server VM (25.152-b01 mixed mode windows-amd64 compressed oops)
# Failed to write core dump. Minidumps are not enabled by default on client versions of Windows
#

---------------  T H R E A D  ---------------

Current thread (0x0000000018d05800):  JavaThread "C2 CompilerThread2" daemon [_thread_in_native, id=14816, stack(0x00000000196e0000,0x00000000197e0000)]

Stack: [0x00000000196e0000,0x00000000197e0000]
[error occurred during error reporting (printing stack bounds), id 0xc0000005]

Native frames: (J=compiled Java code, j=interpreted, Vv=VM code, C=native code)


Current CompileTask:
C2: 109906 7611   !   4       org.gradle.api.internal.AbstractClassGenerator::generateUnderLock (1171 bytes)


---------------  P R O C E S S  ---------------

Java Threads: ( => current thread )
  0x000000001abf5000 JavaThread "stdout" daemon [_thread_in_native, id=6408, stack(0x0000000029740000,0x0000000029840000)]
  0x000000001abfc000 JavaThread "stderr" daemon [_thread_in_native, id=14104, stack(0x0000000029640000,0x0000000029740000)]
  0x000000001abfb000 JavaThread "stdout" daemon [_thread_in_native, id=13896, stack(0x0000000029540000,0x0000000029640000)]
  0x000000001abf9800 JavaThread "stderr" daemon [_thread_in_native, id=10156, stack(0x0000000029440000,0x0000000029540000)]
  0x000000001cf6d000 JavaThread "stdout" daemon [_thread_in_native, id=15012, stack(0x0000000029340000,0x0000000029440000)]
  0x000000001cf65800 JavaThread "stderr" daemon [_thread_in_native, id=2040, stack(0x0000000029240000,0x0000000029340000)]
  0x000000001cf64800 JavaThread "stdout" daemon [_thread_in_native, id=11880, stack(0x0000000029140000,0x0000000029240000)]
  0x000000001cf6b800 JavaThread "stderr" daemon [_thread_in_native, id=14980, stack(0x0000000029040000,0x0000000029140000)]
  0x000000001cf64000 JavaThread "stdout" daemon [_thread_in_native, id=8660, stack(0x0000000028f40000,0x0000000029040000)]
  0x000000001cf6a000 JavaThread "stderr" daemon [_thread_in_native, id=14568, stack(0x0000000028e40000,0x0000000028f40000)]
  0x000000001cf6b000 JavaThread "stdout" daemon [_thread_in_native, id=14172, stack(0x0000000028d40000,0x0000000028e40000)]
  0x000000001cf63000 JavaThread "stderr" daemon [_thread_in_native, id=14088, stack(0x0000000028c40000,0x0000000028d40000)]
  0x000000001cf68800 JavaThread "stdout" daemon [_thread_in_native, id=15144, stack(0x0000000028b40000,0x0000000028c40000)]
  0x000000001cf69800 JavaThread "stderr" daemon [_thread_in_native, id=12496, stack(0x0000000028a40000,0x0000000028b40000)]
  0x000000001cf61800 JavaThread "pool-16-thread-1" [_thread_blocked, id=16984, stack(0x0000000028940000,0x0000000028a40000)]
  0x000000001cf68000 JavaThread "ForkJoinPool.commonPool-worker-6" daemon [_thread_blocked, id=5320, stack(0x0000000028840000,0x0000000028940000)]
  0x000000001f021000 JavaThread "ForkJoinPool.commonPool-worker-5" daemon [_thread_blocked, id=13084, stack(0x0000000026570000,0x0000000026670000)]
  0x000000001f022000 JavaThread "ForkJoinPool.commonPool-worker-4" daemon [_thread_blocked, id=10804, stack(0x0000000026470000,0x0000000026570000)]
  0x000000001f01e000 JavaThread "ForkJoinPool.commonPool-worker-3" daemon [_thread_blocked, id=15612, stack(0x0000000026370000,0x0000000026470000)]
  0x000000001f020000 JavaThread "ForkJoinPool.commonPool-worker-2" daemon [_thread_blocked, id=13516, stack(0x0000000026270000,0x0000000026370000)]
  0x000000001f01d000 JavaThread "ForkJoinPool.commonPool-worker-1" daemon [_thread_blocked, id=6568, stack(0x0000000026170000,0x0000000026270000)]
  0x000000001f01e800 JavaThread "ForkJoinPool.commonPool-worker-0" daemon [_thread_blocked, id=5648, stack(0x0000000026070000,0x0000000026170000)]
  0x000000001f01f800 JavaThread "Cache worker for Build Output Cleanup Cache (C:\Users\Zed\YandexDisk-Zed-Rustam\AndroidProjects\Map Editor for Brawl Stars\MyGraph\.gradle\buildOutputCleanup)" [_thread_blocked, id=4796, stack(0x0000000025d70000,0x0000000025e70000)]
  0x000000001f015800 JavaThread "Cache worker for task history cache (C:\Users\Zed\YandexDisk-Zed-Rustam\AndroidProjects\Map Editor for Brawl Stars\MyGraph\.gradle\4.10.1\taskHistory)" [_thread_blocked, id=6132, stack(0x0000000025c70000,0x0000000025d70000)]
  0x000000001f01c800 JavaThread "Task worker for ':' Thread 7" [_thread_blocked, id=6072, stack(0x0000000025b70000,0x0000000025c70000)]
  0x000000001f015000 JavaThread "Task worker for ':' Thread 6" [_thread_blocked, id=14792, stack(0x0000000025870000,0x0000000025970000)]
  0x000000001f018000 JavaThread "Task worker for ':' Thread 5" [_thread_blocked, id=11200, stack(0x0000000025770000,0x0000000025870000)]
  0x000000001f01b800 JavaThread "Task worker for ':' Thread 4" [_thread_blocked, id=10236, stack(0x0000000025670000,0x0000000025770000)]
  0x000000001f014000 JavaThread "Task worker for ':' Thread 3" [_thread_blocked, id=12452, stack(0x0000000025570000,0x0000000025670000)]
  0x000000001f01b000 JavaThread "Task worker for ':' Thread 2" [_thread_blocked, id=10316, stack(0x0000000025370000,0x0000000025470000)]
  0x000000001f019800 JavaThread "Task worker for ':'" [_thread_blocked, id=17968, stack(0x0000000024de0000,0x0000000024ee0000)]
  0x0000000020f02000 JavaThread "Cache worker for file content cache (C:\Users\Zed\YandexDisk-Zed-Rustam\AndroidProjects\Map Editor for Brawl Stars\MyGraph\.gradle\4.10.1\fileContent)" [_thread_blocked, id=11564, stack(0x0000000024630000,0x0000000024730000)]
  0x0000000020f01000 JavaThread "Build operations Thread 8" [_thread_blocked, id=11488, stack(0x0000000023500000,0x0000000023600000)]
  0x0000000020f00800 JavaThread "Build operations Thread 7" [_thread_blocked, id=17336, stack(0x00000000230c0000,0x00000000231c0000)]
  0x0000000020eff800 JavaThread "Build operations Thread 6" [_thread_blocked, id=10464, stack(0x0000000022fc0000,0x00000000230c0000)]
  0x0000000020f06800 JavaThread "Build operations Thread 5" [_thread_blocked, id=9144, stack(0x0000000022ec0000,0x0000000022fc0000)]
  0x0000000020f02800 JavaThread "Build operations Thread 4" [_thread_blocked, id=15352, stack(0x0000000022dc0000,0x0000000022ec0000)]
  0x0000000020f03800 JavaThread "Build operations Thread 3" [_thread_blocked, id=6384, stack(0x0000000022cc0000,0x0000000022dc0000)]
  0x0000000020f05800 JavaThread "Build operations Thread 2" [_thread_blocked, id=14248, stack(0x0000000022bc0000,0x0000000022cc0000)]
  0x0000000020f04000 JavaThread "Build operations" [_thread_blocked, id=10628, stack(0x0000000022ac0000,0x0000000022bc0000)]
  0x0000000020ef8000 JavaThread "Cache worker for cache directory md-rule (C:\Users\Zed\.gradle\caches\4.10.1\md-rule)" [_thread_blocked, id=4172, stack(0x00000000229c0000,0x0000000022ac0000)]
  0x0000000020efe000 JavaThread "Cache worker for cache directory md-supplier (C:\Users\Zed\.gradle\caches\4.10.1\md-supplier)" [_thread_blocked, id=448, stack(0x0000000021540000,0x0000000021640000)]
  0x0000000020efd800 JavaThread "Cache worker for file hash cache (C:\Users\Zed\YandexDisk-Zed-Rustam\AndroidProjects\Map Editor for Brawl Stars\MyGraph\.gradle\4.10.1\fileHashes)" [_thread_blocked, id=10508, stack(0x0000000020f10000,0x0000000021010000)]
  0x0000000020efc800 JavaThread "Stdin handler" [_thread_blocked, id=6532, stack(0x000000001d710000,0x000000001d810000)]
  0x0000000020efc000 JavaThread "Asynchronous log dispatcher for DefaultDaemonConnection: socket connection from /127.0.0.1:60436 to /127.0.0.1:60543" [_thread_blocked, id=6580, stack(0x000000001c240000,0x000000001c340000)]
  0x0000000020ef9000 JavaThread "Cancel handler" [_thread_blocked, id=1760, stack(0x000000001bb40000,0x000000001bc40000)]
  0x0000000020efb000 JavaThread "Handler for socket connection from /127.0.0.1:60436 to /127.0.0.1:60543" [_thread_in_native, id=9680, stack(0x0000000001340000,0x0000000001440000)]
  0x000000001f01a000 JavaThread "Daemon worker Thread 2" [_thread_blocked, id=15868, stack(0x000000001be40000,0x000000001bf40000)]
  0x000000001f013800 JavaThread "Daemon Thread 2" [_thread_blocked, id=7036, stack(0x0000000001140000,0x0000000001240000)]
  0x0000000020eff000 JavaThread "Cache worker for file content cache (C:\Users\Zed\.gradle\caches\4.10.1\fileContent)" [_thread_blocked, id=9920, stack(0x0000000024280000,0x0000000024380000)]
  0x0000000020ef7800 JavaThread "Memory manager" [_thread_blocked, id=14384, stack(0x00000000231c0000,0x00000000232c0000)]
  0x000000001cf60000 JavaThread "Cache worker for Artifact transforms cache (C:\Users\Zed\.gradle\caches\transforms-1)" [_thread_blocked, id=15856, stack(0x0000000021640000,0x0000000021740000)]
  0x000000001cf5f800 JavaThread "Cache worker for journal cache (C:\Users\Zed\.gradle\caches\journal-1)" [_thread_blocked, id=6664, stack(0x000000001e7e0000,0x000000001e8e0000)]
  0x000000001abf6000 JavaThread "File lock request listener" [_thread_in_native, id=10588, stack(0x000000001d610000,0x000000001d710000)]
  0x000000001abf8000 JavaThread "Cache worker for file hash cache (C:\Users\Zed\.gradle\caches\4.10.1\fileHashes)" [_thread_blocked, id=16704, stack(0x000000001d510000,0x000000001d610000)]
  0x000000001abf9000 JavaThread "Daemon periodic checks" [_thread_blocked, id=12760, stack(0x000000001ba40000,0x000000001bb40000)]
  0x000000001abfa800 JavaThread "Incoming local TCP Connector on port 60436" [_thread_in_native, id=6724, stack(0x000000001b7f0000,0x000000001b8f0000)]
  0x0000000018d85800 JavaThread "Service Thread" daemon [_thread_blocked, id=140, stack(0x00000000198e0000,0x00000000199e0000)]
  0x0000000018d09000 JavaThread "C1 CompilerThread3" daemon [_thread_blocked, id=6588, stack(0x00000000197e0000,0x00000000198e0000)]
=>0x0000000018d05800 JavaThread "C2 CompilerThread2" daemon [_thread_in_native, id=14816, stack(0x00000000196e0000,0x00000000197e0000)]
  0x0000000018d02800 JavaThread "C2 CompilerThread1" daemon [_thread_blocked, id=17636, stack(0x00000000195e0000,0x00000000196e0000)]
  0x0000000018cff000 JavaThread "C2 CompilerThread0" daemon [_thread_blocked, id=14544, stack(0x00000000194e0000,0x00000000195e0000)]
  0x0000000018cfe000 JavaThread "Attach Listener" daemon [_thread_blocked, id=11400, stack(0x00000000193e0000,0x00000000194e0000)]
  0x0000000018cfc800 JavaThread "Signal Dispatcher" daemon [_thread_blocked, id=4680, stack(0x00000000192e0000,0x00000000193e0000)]
  0x000000000302d800 JavaThread "Finalizer" daemon [_thread_blocked, id=9020, stack(0x00000000190d0000,0x00000000191d0000)]
  0x0000000016dec800 JavaThread "Reference Handler" daemon [_thread_blocked, id=9148, stack(0x0000000018bd0000,0x0000000018cd0000)]
  0x0000000002f2e000 JavaThread "main" [_thread_blocked, id=15652, stack(0x0000000002d60000,0x0000000002e60000)]

Other Threads:
  0x0000000016de5800 VMThread [stack: 0x0000000018ad0000,0x0000000018bd0000] [id=8980]
  0x0000000018d86800 WatcherThread [stack: 0x00000000199e0000,0x0000000019ae0000] [id=9528]

VM state:not at safepoint (normal execution)

VM Mutex/Monitor currently owned by a thread: None

Heap:
 PSYoungGen      total 141824K, used 39584K [0x00000000e0000000, 0x00000000ea080000, 0x0000000100000000)
  eden space 125440K, 25% used [0x00000000e0000000,0x00000000e1ebafd8,0x00000000e7a80000)
  from space 16384K, 49% used [0x00000000e9080000,0x00000000e986d0d8,0x00000000ea080000)
  to   space 19456K, 0% used [0x00000000e7a80000,0x00000000e7a80000,0x00000000e8d80000)
 ParOldGen       total 213504K, used 33993K [0x00000000a0000000, 0x00000000ad080000, 0x00000000e0000000)
  object space 213504K, 15% used [0x00000000a0000000,0x00000000a2132558,0x00000000ad080000)
 Metaspace       used 67896K, capacity 70446K, committed 70704K, reserved 1110016K
  class space    used 9167K, capacity 9768K, committed 9776K, reserved 1048576K

Card table byte_map: [0x00000000123f0000,0x0000000012700000] byte_map_base: 0x0000000011ef0000

Marking Bits: (ParMarkBitMap*) 0x0000000077795aa0
 Begin Bits: [0x0000000013100000, 0x0000000014900000)
 End Bits:   [0x0000000014900000, 0x0000000016100000)

Polling page: 0x0000000001020000

CodeCache: size=245760Kb used=22676Kb max_used=22676Kb free=223083Kb
 bounds [0x0000000003030000, 0x0000000004670000, 0x0000000012030000]
 total_blobs=7857 nmethods=7048 adapters=721
 compilation: enabled

Compilation events (10 events):
Event: 109.837 Thread 0x0000000018d09000 8029       3       org.gradle.api.internal.changedetection.rules.SortedMapDiffUtil::diff (360 bytes)
Event: 109.838 Thread 0x0000000018d09000 nmethod 8029 0x0000000004668f10 code [0x0000000004669360, 0x000000000466bce8]
Event: 109.843 Thread 0x0000000018d09000 8030       1       org.gradle.internal.resources.AbstractResourceLockRegistry::access$000 (5 bytes)
Event: 109.843 Thread 0x0000000018d09000 nmethod 8030 0x00000000046681d0 code [0x0000000004668320, 0x0000000004668410]
Event: 109.844 Thread 0x0000000018d09000 8031       3       org.gradle.api.internal.file.CompositeFileCollection::getFiles (96 bytes)
Event: 109.845 Thread 0x0000000018d09000 nmethod 8031 0x0000000004666c50 code [0x0000000004666ea0, 0x0000000004667c98]
Event: 109.846 Thread 0x0000000018d09000 8032       3       org.gradle.launcher.daemon.protocol.DaemonMessageSerializer$OutputMessageSerializer::write (10 bytes)
Event: 109.847 Thread 0x0000000018d09000 nmethod 8032 0x0000000004666590 code [0x0000000004666720, 0x0000000004666ac8]
Event: 109.847 Thread 0x0000000018d09000 8033       3       org.gradle.launcher.daemon.protocol.DaemonMessageSerializer$OutputMessageSerializer::write (15 bytes)
Event: 109.847 Thread 0x0000000018d09000 nmethod 8033 0x000000000466cad0 code [0x000000000466cc40, 0x000000000466ce88]

GC Heap History (10 events):
Event: 6.022 GC heap before
{Heap before GC invocations=11 (full 2):
 PSYoungGen      total 112640K, used 112135K [0x00000000e0000000, 0x00000000e8a00000, 0x0000000100000000)
  eden space 99840K, 100% used [0x00000000e0000000,0x00000000e6180000,0x00000000e6180000)
  from space 12800K, 96% used [0x00000000e7d80000,0x00000000e8981ee8,0x00000000e8a00000)
  to   space 14336K, 0% used [0x00000000e6e00000,0x00000000e6e00000,0x00000000e7c00000)
 ParOldGen       total 140800K, used 18156K [0x00000000a0000000, 0x00000000a8980000, 0x00000000e0000000)
  object space 140800K, 12% used [0x00000000a0000000,0x00000000a11bb3b8,0x00000000a8980000)
 Metaspace       used 50736K, capacity 51882K, committed 52016K, reserved 1093632K
  class space    used 6844K, capacity 7206K, committed 7216K, reserved 1048576K
Event: 6.032 GC heap after
Heap after GC invocations=11 (full 2):
 PSYoungGen      total 126976K, used 14331K [0x00000000e0000000, 0x00000000e9380000, 0x0000000100000000)
  eden space 112640K, 0% used [0x00000000e0000000,0x00000000e0000000,0x00000000e6e00000)
  from space 14336K, 99% used [0x00000000e6e00000,0x00000000e7bfefb0,0x00000000e7c00000)
  to   space 16384K, 0% used [0x00000000e8380000,0x00000000e8380000,0x00000000e9380000)
 ParOldGen       total 140800K, used 19729K [0x00000000a0000000, 0x00000000a8980000, 0x00000000e0000000)
  object space 140800K, 14% used [0x00000000a0000000,0x00000000a1344630,0x00000000a8980000)
 Metaspace       used 50736K, capacity 51882K, committed 52016K, reserved 1093632K
  class space    used 6844K, capacity 7206K, committed 7216K, reserved 1048576K
}
Event: 6.908 GC heap before
{Heap before GC invocations=12 (full 2):
 PSYoungGen      total 126976K, used 105535K [0x00000000e0000000, 0x00000000e9380000, 0x0000000100000000)
  eden space 112640K, 80% used [0x00000000e0000000,0x00000000e5910e10,0x00000000e6e00000)
  from space 14336K, 99% used [0x00000000e6e00000,0x00000000e7bfefb0,0x00000000e7c00000)
  to   space 16384K, 0% used [0x00000000e8380000,0x00000000e8380000,0x00000000e9380000)
 ParOldGen       total 140800K, used 19729K [0x00000000a0000000, 0x00000000a8980000, 0x00000000e0000000)
  object space 140800K, 14% used [0x00000000a0000000,0x00000000a1344630,0x00000000a8980000)
 Metaspace       used 57553K, capacity 59054K, committed 59160K, reserved 1099776K
  class space    used 7889K, capacity 8300K, committed 8368K, reserved 1048576K
Event: 6.925 GC heap after
Heap after GC invocations=12 (full 2):
 PSYoungGen      total 131072K, used 16362K [0x00000000e0000000, 0x00000000eab00000, 0x0000000100000000)
  eden space 114688K, 0% used [0x00000000e0000000,0x00000000e0000000,0x00000000e7000000)
  from space 16384K, 99% used [0x00000000e8380000,0x00000000e937a988,0x00000000e9380000)
  to   space 19968K, 0% used [0x00000000e7000000,0x00000000e7000000,0x00000000e8380000)
 ParOldGen       total 140800K, used 23879K [0x00000000a0000000, 0x00000000a8980000, 0x00000000e0000000)
  object space 140800K, 16% used [0x00000000a0000000,0x00000000a1751e30,0x00000000a8980000)
 Metaspace       used 57553K, capacity 59054K, committed 59160K, reserved 1099776K
  class space    used 7889K, capacity 8300K, committed 8368K, reserved 1048576K
}
Event: 6.925 GC heap before
{Heap before GC invocations=13 (full 3):
 PSYoungGen      total 131072K, used 16362K [0x00000000e0000000, 0x00000000eab00000, 0x0000000100000000)
  eden space 114688K, 0% used [0x00000000e0000000,0x00000000e0000000,0x00000000e7000000)
  from space 16384K, 99% used [0x00000000e8380000,0x00000000e937a988,0x00000000e9380000)
  to   space 19968K, 0% used [0x00000000e7000000,0x00000000e7000000,0x00000000e8380000)
 ParOldGen       total 140800K, used 23879K [0x00000000a0000000, 0x00000000a8980000, 0x00000000e0000000)
  object space 140800K, 16% used [0x00000000a0000000,0x00000000a1751e30,0x00000000a8980000)
 Metaspace       used 57553K, capacity 59054K, committed 59160K, reserved 1099776K
  class space    used 7889K, capacity 8300K, committed 8368K, reserved 1048576K
Event: 7.137 GC heap after
Heap after GC invocations=13 (full 3):
 PSYoungGen      total 131072K, used 0K [0x00000000e0000000, 0x00000000eab00000, 0x0000000100000000)
  eden space 114688K, 0% used [0x00000000e0000000,0x00000000e0000000,0x00000000e7000000)
  from space 16384K, 0% used [0x00000000e8380000,0x00000000e8380000,0x00000000e9380000)
  to   space 19968K, 0% used [0x00000000e7000000,0x00000000e7000000,0x00000000e8380000)
 ParOldGen       total 213504K, used 33977K [0x00000000a0000000, 0x00000000ad080000, 0x00000000e0000000)
  object space 213504K, 15% used [0x00000000a0000000,0x00000000a212e558,0x00000000ad080000)
 Metaspace       used 57553K, capacity 59054K, committed 59160K, reserved 1099776K
  class space    used 7889K, capacity 8300K, committed 8368K, reserved 1048576K
}
Event: 10.568 GC heap before
{Heap before GC invocations=14 (full 3):
 PSYoungGen      total 131072K, used 114403K [0x00000000e0000000, 0x00000000eab00000, 0x0000000100000000)
  eden space 114688K, 99% used [0x00000000e0000000,0x00000000e6fb8f50,0x00000000e7000000)
  from space 16384K, 0% used [0x00000000e8380000,0x00000000e8380000,0x00000000e9380000)
  to   space 19968K, 0% used [0x00000000e7000000,0x00000000e7000000,0x00000000e8380000)
 ParOldGen       total 213504K, used 33977K [0x00000000a0000000, 0x00000000ad080000, 0x00000000e0000000)
  object space 213504K, 15% used [0x00000000a0000000,0x00000000a212e558,0x00000000ad080000)
 Metaspace       used 60607K, capacity 62782K, committed 63024K, reserved 1103872K
  class space    used 8365K, capacity 8890K, committed 9008K, reserved 1048576K
Event: 10.571 GC heap after
Heap after GC invocations=14 (full 3):
 PSYoungGen      total 134656K, used 4836K [0x00000000e0000000, 0x00000000ea400000, 0x0000000100000000)
  eden space 114688K, 0% used [0x00000000e0000000,0x00000000e0000000,0x00000000e7000000)
  from space 19968K, 24% used [0x00000000e7000000,0x00000000e74b9348,0x00000000e8380000)
  to   space 19968K, 0% used [0x00000000e9080000,0x00000000e9080000,0x00000000ea400000)
 ParOldGen       total 213504K, used 33985K [0x00000000a0000000, 0x00000000ad080000, 0x00000000e0000000)
  object space 213504K, 15% used [0x00000000a0000000,0x00000000a2130558,0x00000000ad080000)
 Metaspace       used 60607K, capacity 62782K, committed 63024K, reserved 1103872K
  class space    used 8365K, capacity 8890K, committed 9008K, reserved 1048576K
}
Event: 109.167 GC heap before
{Heap before GC invocations=15 (full 3):
 PSYoungGen      total 134656K, used 119524K [0x00000000e0000000, 0x00000000ea400000, 0x0000000100000000)
  eden space 114688K, 100% used [0x00000000e0000000,0x00000000e7000000,0x00000000e7000000)
  from space 19968K, 24% used [0x00000000e7000000,0x00000000e74b9348,0x00000000e8380000)
  to   space 19968K, 0% used [0x00000000e9080000,0x00000000e9080000,0x00000000ea400000)
 ParOldGen       total 213504K, used 33985K [0x00000000a0000000, 0x00000000ad080000, 0x00000000e0000000)
  object space 213504K, 15% used [0x00000000a0000000,0x00000000a2130558,0x00000000ad080000)
 Metaspace       used 66167K, capacity 68726K, committed 69040K, reserved 1107968K
  class space    used 8977K, capacity 9588K, committed 9648K, reserved 1048576K
Event: 109.174 GC heap after
Heap after GC invocations=15 (full 3):
 PSYoungGen      total 141824K, used 8116K [0x00000000e0000000, 0x00000000ea080000, 0x0000000100000000)
  eden space 125440K, 0% used [0x00000000e0000000,0x00000000e0000000,0x00000000e7a80000)
  from space 16384K, 49% used [0x00000000e9080000,0x00000000e986d0d8,0x00000000ea080000)
  to   space 19456K, 0% used [0x00000000e7a80000,0x00000000e7a80000,0x00000000e8d80000)
 ParOldGen       total 213504K, used 33993K [0x00000000a0000000, 0x00000000ad080000, 0x00000000e0000000)
  object space 213504K, 15% used [0x00000000a0000000,0x00000000a2132558,0x00000000ad080000)
 Metaspace       used 66167K, capacity 68726K, committed 69040K, reserved 1107968K
  class space    used 8977K, capacity 9588K, committed 9648K, reserved 1048576K
}

Deoptimization events (10 events):
Event: 11.096 Thread 0x000000001abfb000 Uncommon trap: reason=unstable_if action=reinterpret pc=0x0000000004294f48 method=java.io.ObjectOutputStream$HandleTable.assign(Ljava/lang/Object;)I @ 24
Event: 11.098 Thread 0x000000001abfb000 Uncommon trap: reason=unstable_if action=reinterpret pc=0x000000000317c564 method=com.esotericsoftware.kryo.io.Output.writeBytes([BII)V @ 61
Event: 11.115 Thread 0x000000001abf9800 Uncommon trap: reason=unstable_if action=reinterpret pc=0x00000000039974b4 method=com.esotericsoftware.kryo.io.Input.require(I)I @ 117
Event: 98.744 Thread 0x000000001f01a000 Uncommon trap: reason=unstable_if action=reinterpret pc=0x0000000003855e24 method=com.google.common.collect.MapMakerInternalMap$Segment.getEntry(Ljava/lang/Object;I)Lcom/google/common/collect/MapMakerInternalMap$ReferenceEntry; @ 4
Event: 99.364 Thread 0x000000001f01a000 Uncommon trap: reason=class_check action=maybe_recompile pc=0x00000000040ad0c4 method=java.util.Collections$SynchronizedCollection.add(Ljava/lang/Object;)Z @ 12
Event: 99.394 Thread 0x000000001f01a000 Uncommon trap: reason=unstable_if action=reinterpret pc=0x00000000043a7280 method=java.io.WinNTFileSystem.prefixLength(Ljava/lang/String;)I @ 11
Event: 99.458 Thread 0x0000000020ef8000 Uncommon trap: reason=unstable_if action=reinterpret pc=0x00000000032cd470 method=java.io.WinNTFileSystem.resolve(Ljava/lang/String;Ljava/lang/String;)Ljava/lang/String; @ 36
Event: 109.174 Thread 0x0000000016dec800 Uncommon trap: reason=unstable_if action=reinterpret pc=0x0000000003193ff4 method=java.lang.ref.Reference.tryHandlePending(Z)Z @ 20
Event: 109.541 Thread 0x000000001f01c800 Uncommon trap: reason=unstable_if action=reinterpret pc=0x0000000003f35260 method=com.sun.org.apache.xerces.internal.utils.XMLSecurityManager.isOverLimit(ILcom/sun/org/apache/xerces/internal/utils/XMLLimitAnalyzer;)Z @ 28
Event: 109.541 Thread 0x000000001f01c800 Uncommon trap: reason=unstable_if action=reinterpret pc=0x0000000003fb83bc method=com.sun.org.apache.xerces.internal.util.SymbolTable.addSymbol([CII)Ljava/lang/String; @ 64

Classes redefined (0 events):
No events

Internal exceptions (10 events):
Event: 99.803 Thread 0x0000000020ef8000 Exception <a 'sun/nio/fs/WindowsException'> (0x00000000e679d1b0) thrown at [D:\src\AOSP-openjdk-cygwin\jdk8u\hotspot\src\share\vm\prims\jni.cpp, line 709]
Event: 99.803 Thread 0x0000000020ef8000 Exception <a 'sun/nio/fs/WindowsException'> (0x00000000e679e260) thrown at [D:\src\AOSP-openjdk-cygwin\jdk8u\hotspot\src\share\vm\prims\jni.cpp, line 709]
Event: 99.804 Thread 0x0000000020ef8000 Exception <a 'sun/nio/fs/WindowsException'> (0x00000000e679eb68) thrown at [D:\src\AOSP-openjdk-cygwin\jdk8u\hotspot\src\share\vm\prims\jni.cpp, line 709]
Event: 99.806 Thread 0x0000000020ef8000 Exception <a 'sun/nio/fs/WindowsException'> (0x00000000e67c3e78) thrown at [D:\src\AOSP-openjdk-cygwin\jdk8u\hotspot\src\share\vm\prims\jni.cpp, line 709]
Event: 99.806 Thread 0x0000000020ef8000 Exception <a 'sun/nio/fs/WindowsException'> (0x00000000e67c4778) thrown at [D:\src\AOSP-openjdk-cygwin\jdk8u\hotspot\src\share\vm\prims\jni.cpp, line 709]
Event: 99.806 Thread 0x0000000020ef8000 Exception <a 'sun/nio/fs/WindowsException'> (0x00000000e67c5850) thrown at [D:\src\AOSP-openjdk-cygwin\jdk8u\hotspot\src\share\vm\prims\jni.cpp, line 709]
Event: 99.806 Thread 0x0000000020ef8000 Exception <a 'sun/nio/fs/WindowsException'> (0x00000000e67c6158) thrown at [D:\src\AOSP-openjdk-cygwin\jdk8u\hotspot\src\share\vm\prims\jni.cpp, line 709]
Event: 109.216 Thread 0x000000001f01a000 Exception <a 'sun/nio/fs/WindowsException'> (0x00000000e0466e60) thrown at [D:\src\AOSP-openjdk-cygwin\jdk8u\hotspot\src\share\vm\prims\jni.cpp, line 709]
Event: 109.459 Thread 0x000000001f01c800 Exception <a 'sun/nio/fs/WindowsException'> (0x00000000e0f63ac0) thrown at [D:\src\AOSP-openjdk-cygwin\jdk8u\hotspot\src\share\vm\prims\jni.cpp, line 709]
Event: 109.466 Thread 0x000000001f01c800 Exception <a 'sun/nio/fs/WindowsException'> (0x00000000e0f92620) thrown at [D:\src\AOSP-openjdk-cygwin\jdk8u\hotspot\src\share\vm\prims\jni.cpp, line 709]

Events (10 events):
Event: 109.807 loading class java/lang/FunctionalInterface
Event: 109.807 loading class java/lang/FunctionalInterface done
Event: 109.843 loading class com/android/build/gradle/internal/scope/SplitList$WhenMappings
Event: 109.843 loading class com/android/build/gradle/internal/scope/SplitList$WhenMappings done
Event: 109.843 loading class kotlin/jvm/internal/CollectionToArray
Event: 109.843 loading class kotlin/jvm/internal/CollectionToArray done
Event: 109.845 Executing VM operation: RevokeBias
Event: 109.845 Executing VM operation: RevokeBias done
Event: 109.845 Executing VM operation: RevokeBias
Event: 109.845 Executing VM operation: RevokeBias done


Dynamic libraries:
0x00007ff6927a0000 - 0x00007ff6927d1000 	C:\Program Files\Android\Android Studio\jre\bin\java.exe
0x00007ff967180000 - 0x00007ff967370000 	C:\WINDOWS\SYSTEM32\ntdll.dll
0x00007ff9652b0000 - 0x00007ff965362000 	C:\WINDOWS\System32\KERNEL32.DLL
0x00007ff9645f0000 - 0x00007ff964892000 	C:\WINDOWS\System32\KERNELBASE.dll
0x00007ff966c90000 - 0x00007ff966d33000 	C:\WINDOWS\System32\ADVAPI32.dll
0x00007ff966990000 - 0x00007ff966a2e000 	C:\WINDOWS\System32\msvcrt.dll
0x00007ff9668f0000 - 0x00007ff966987000 	C:\WINDOWS\System32\sechost.dll
0x00007ff966b70000 - 0x00007ff966c90000 	C:\WINDOWS\System32\RPCRT4.dll
0x00007ff966750000 - 0x00007ff9668e3000 	C:\WINDOWS\System32\USER32.dll
0x00007ff964110000 - 0x00007ff964131000 	C:\WINDOWS\System32\win32u.dll
0x00007ff967110000 - 0x00007ff967136000 	C:\WINDOWS\System32\GDI32.dll
0x00007ff9641f0000 - 0x00007ff964384000 	C:\WINDOWS\System32\gdi32full.dll
0x00007ff9648d0000 - 0x00007ff96496e000 	C:\WINDOWS\System32\msvcp_win.dll
0x00007ff9644f0000 - 0x00007ff9645ea000 	C:\WINDOWS\System32\ucrtbase.dll
0x00007ff94d970000 - 0x00007ff94dbf5000 	C:\WINDOWS\WinSxS\amd64_microsoft.windows.common-controls_6595b64144ccf1df_6.0.18362.1_none_d1d7e625244f8f11\COMCTL32.dll
0x00007ff965370000 - 0x00007ff9656a6000 	C:\WINDOWS\System32\combase.dll
0x00007ff964160000 - 0x00007ff9641e1000 	C:\WINDOWS\System32\bcryptPrimitives.dll
0x00007ff9665d0000 - 0x00007ff9665fe000 	C:\WINDOWS\System32\IMM32.DLL
0x0000000076ef0000 - 0x0000000076fc2000 	C:\Program Files\Android\Android Studio\jre\jre\bin\msvcr100.dll
0x0000000076fd0000 - 0x0000000077811000 	C:\Program Files\Android\Android Studio\jre\jre\bin\server\jvm.dll
0x00007ff966d40000 - 0x00007ff966d48000 	C:\WINDOWS\System32\PSAPI.DLL
0x00007ff94b0c0000 - 0x00007ff94b0c9000 	C:\WINDOWS\SYSTEM32\WSOCK32.dll
0x00007ff95c1a0000 - 0x00007ff95c1aa000 	C:\WINDOWS\SYSTEM32\VERSION.dll
0x00007ff965240000 - 0x00007ff9652af000 	C:\WINDOWS\System32\WS2_32.dll
0x00007ff94eda0000 - 0x00007ff94edc4000 	C:\WINDOWS\SYSTEM32\WINMM.dll
0x00007ff94ebc0000 - 0x00007ff94ebed000 	C:\WINDOWS\SYSTEM32\winmmbase.dll
0x00007ff9644a0000 - 0x00007ff9644ea000 	C:\WINDOWS\System32\cfgmgr32.dll
0x00007ff95c480000 - 0x00007ff95c48f000 	C:\Program Files\Android\Android Studio\jre\jre\bin\verify.dll
0x00007ff9512d0000 - 0x00007ff9512f9000 	C:\Program Files\Android\Android Studio\jre\jre\bin\java.dll
0x00007ff950ae0000 - 0x00007ff950af6000 	C:\Program Files\Android\Android Studio\jre\jre\bin\zip.dll
0x00007ff965b20000 - 0x00007ff966200000 	C:\WINDOWS\System32\SHELL32.dll
0x00007ff9663c0000 - 0x00007ff966469000 	C:\WINDOWS\System32\shcore.dll
0x00007ff964ac0000 - 0x00007ff96523b000 	C:\WINDOWS\System32\windows.storage.dll
0x00007ff9640a0000 - 0x00007ff9640bf000 	C:\WINDOWS\System32\profapi.dll
0x00007ff9640c0000 - 0x00007ff96410a000 	C:\WINDOWS\System32\powrprof.dll
0x00007ff964050000 - 0x00007ff964060000 	C:\WINDOWS\System32\UMPDC.dll
0x00007ff966f00000 - 0x00007ff966f52000 	C:\WINDOWS\System32\shlwapi.dll
0x00007ff964080000 - 0x00007ff964091000 	C:\WINDOWS\System32\kernel.appcore.dll
0x00007ff964140000 - 0x00007ff964157000 	C:\WINDOWS\System32\cryptsp.dll
0x00007ff950ac0000 - 0x00007ff950ada000 	C:\Program Files\Android\Android Studio\jre\jre\bin\net.dll
0x00007ff9638c0000 - 0x00007ff963927000 	C:\WINDOWS\system32\mswsock.dll
0x00007ff950080000 - 0x00007ff950091000 	C:\Program Files\Android\Android Studio\jre\jre\bin\nio.dll
0x00007ff950b30000 - 0x00007ff950b4e000 	C:\Users\Zed\.gradle\native\25\windows-amd64\native-platform.dll
0x00007ff95c450000 - 0x00007ff95c45d000 	C:\Program Files\Android\Android Studio\jre\jre\bin\management.dll
0x00007ff963480000 - 0x00007ff9634b3000 	C:\WINDOWS\system32\rsaenh.dll
0x00007ff9648a0000 - 0x00007ff9648c6000 	C:\WINDOWS\System32\bcrypt.dll
0x00007ff963f40000 - 0x00007ff963f65000 	C:\WINDOWS\SYSTEM32\USERENV.dll
0x00007ff963a90000 - 0x00007ff963a9c000 	C:\WINDOWS\SYSTEM32\CRYPTBASE.dll
0x00007ff963620000 - 0x00007ff96365a000 	C:\WINDOWS\SYSTEM32\IPHLPAPI.DLL
0x00007ff967030000 - 0x00007ff967038000 	C:\WINDOWS\System32\NSI.dll
0x00007ff953ab0000 - 0x00007ff953ac6000 	C:\WINDOWS\SYSTEM32\dhcpcsvc6.DLL
0x00007ff953a90000 - 0x00007ff953aac000 	C:\WINDOWS\SYSTEM32\dhcpcsvc.DLL
0x00007ff963660000 - 0x00007ff96372a000 	C:\WINDOWS\SYSTEM32\DNSAPI.dll

VM Arguments:
jvm_args: -Xmx1536m -Dfile.encoding=windows-1251 -Duser.country=RU -Duser.language=ru -Duser.variant 
java_command: org.gradle.launcher.daemon.bootstrap.GradleDaemon 4.10.1
java_class_path (initial): C:\Users\Zed\.gradle\wrapper\dists\gradle-4.10.1-all\455itskqi2qtf0v2sja68alqd\gradle-4.10.1\lib\gradle-launcher-4.10.1.jar
Launcher Type: SUN_STANDARD

Environment Variables:
PATH=C:\Program Files (x86)\Common Files\Oracle\Java\javapath;C:\Program Files (x86)\Intel\Intel(R) Management Engine Components\iCLS\;C:\Program Files\Intel\Intel(R) Management Engine Components\iCLS\;C:\WINDOWS\system32;C:\WINDOWS;C:\WINDOWS\System32\Wbem;C:\WINDOWS\System32\WindowsPowerShell\v1.0\;C:\WINDOWS\System32\OpenSSH\;C:\Program Files (x86)\Intel\Intel(R) Management Engine Components\DAL;C:\Program Files\Intel\Intel(R) Management Engine Components\DAL;C:\Program Files (x86)\Intel\Intel(R) Management Engine Components\IPT;C:\Program Files\Intel\Intel(R) Management Engine Components\IPT;C:\Program Files\Intel\WiFi\bin\;C:\Program Files\Common Files\Intel\WirelessCommon\;C:\Users\Zed\AppData\Local\Programs\Python\Python36\Scripts\;C:\Users\Zed\AppData\Local\Programs\Python\Python36\;C:\Users\Zed\AppData\Local\Microsoft\WindowsApps;
USERNAME=Zed
OS=Windows_NT
PROCESSOR_IDENTIFIER=Intel64 Family 6 Model 142 Stepping 10, GenuineIntel



---------------  S Y S T E M  ---------------

OS: Windows 10.0 , 64 bit Build 18362 (10.0.18362.1)

CPU:total 8 (initial active 8) (4 cores per cpu, 2 threads per core) family 6 model 142 stepping 10, cmov, cx8, fxsr, mmx, sse, sse2, sse3, ssse3, sse4.1, sse4.2, popcnt, avx, avx2, aes, clmul, erms, 3dnowpref, lzcnt, ht, tsc, tscinvbit, bmi1, bmi2, adx

Memory: 4k page, physical 12421860k(1328356k free), swap 12421860k(5660k free)

vm_info: OpenJDK 64-Bit Server VM (25.152-b01) for windows-amd64 JRE (1.8.0_152-release-1248-b01), built by "builder" with MS VC++ 10.0 (VS2010)

time: Sat Mar 23 20:47:40 2019
elapsed time: 109 seconds (0d 0h 1m 49s)

