#
# There is insufficient memory for the Java Runtime Environment to continue.
# Native memory allocation (malloc) failed to allocate 1325760 bytes for Chunk::new
# Possible reasons:
#   The system is out of physical RAM or swap space
#   In 32 bit mode, the process size limit was hit
# Possible solutions:
#   Reduce memory load on the system
#   Increase physical memory or swap space
#   Check if swap backing store is full
#   Use 64 bit Java on a 64 bit OS
#   Decrease Java heap size (-Xmx/-Xms)
#   Decrease number of Java threads
#   Decrease Java thread stack sizes (-Xss)
#   Set larger code cache with -XX:ReservedCodeCacheSize=
# This output file may be truncated or incomplete.
#
#  Out of Memory Error (allocation.cpp:390), pid=3912, tid=0x0000000000000d94
#
# JRE version: OpenJDK Runtime Environment (8.0_152-b01) (build 1.8.0_152-release-1248-b01)
# Java VM: OpenJDK 64-Bit Server VM (25.152-b01 mixed mode windows-amd64 compressed oops)
# Failed to write core dump. Minidumps are not enabled by default on client versions of Windows
#

---------------  T H R E A D  ---------------

Current thread (0x000000001681e000):  JavaThread "C2 CompilerThread2" daemon [_thread_in_native, id=3476, stack(0x00000000190f0000,0x00000000191f0000)]

Stack: [0x00000000190f0000,0x00000000191f0000]
[error occurred during error reporting (printing stack bounds), id 0xc0000005]

Native frames: (J=compiled Java code, j=interpreted, Vv=VM code, C=native code)


Current CompileTask:
C2:1648182 23143       4       com.android.tools.r8.ir.regalloc.LinearScanRegisterAllocator::allocateSingleInterval (823 bytes)


---------------  P R O C E S S  ---------------

Java Threads: ( => current thread )
  0x0000000027dc3800 JavaThread "ForkJoinPool.commonPool-worker-3" daemon [_thread_blocked, id=476, stack(0x000000002ae70000,0x000000002af70000)]
  0x0000000027dbb800 JavaThread "ForkJoinPool.commonPool-worker-0" daemon [_thread_blocked, id=2460, stack(0x000000002ad70000,0x000000002ae70000)]
  0x0000000027dbb000 JavaThread "stdout" daemon [_thread_in_native, id=1236, stack(0x000000002aa70000,0x000000002ab70000)]
  0x0000000027dc2000 JavaThread "stderr" daemon [_thread_in_native, id=3140, stack(0x000000002a970000,0x000000002aa70000)]
  0x0000000027dc0800 JavaThread "pool-41-thread-1" [_thread_blocked, id=8360, stack(0x000000002a570000,0x000000002a670000)]
  0x0000000027db8800 JavaThread "Cache worker for Build Output Cleanup Cache (C:\Users\Zed\YandexDisk-Zed-Rustam\AndroidProjects\MyGraph\.gradle\buildOutputCleanup)" [_thread_blocked, id=13180, stack(0x00000000292a0000,0x00000000293a0000)]
  0x0000000027db9800 JavaThread "Cache worker for task history cache (C:\Users\Zed\YandexDisk-Zed-Rustam\AndroidProjects\MyGraph\.gradle\4.10.1\taskHistory)" [_thread_blocked, id=88, stack(0x0000000028fa0000,0x00000000290a0000)]
  0x0000000027dbf800 JavaThread "Task worker for ':' Thread 7" [_thread_blocked, id=10792, stack(0x0000000028ea0000,0x0000000028fa0000)]
  0x0000000027dbe800 JavaThread "Task worker for ':' Thread 6" [_thread_blocked, id=10992, stack(0x0000000028da0000,0x0000000028ea0000)]
  0x0000000027dbe000 JavaThread "Task worker for ':' Thread 5" [_thread_blocked, id=4844, stack(0x0000000027ab0000,0x0000000027bb0000)]
  0x000000001a745000 JavaThread "Task worker for ':' Thread 4" [_thread_blocked, id=5560, stack(0x0000000025e30000,0x0000000025f30000)]
  0x000000001a743800 JavaThread "Task worker for ':' Thread 3" [_thread_blocked, id=5436, stack(0x0000000025be0000,0x0000000025ce0000)]
  0x000000001a740800 JavaThread "Task worker for ':' Thread 2" [_thread_blocked, id=3256, stack(0x0000000025ae0000,0x0000000025be0000)]
  0x000000001a742800 JavaThread "Task worker for ':'" [_thread_blocked, id=11832, stack(0x00000000259e0000,0x0000000025ae0000)]
  0x000000001a744000 JavaThread "Cache worker for file content cache (C:\Users\Zed\YandexDisk-Zed-Rustam\AndroidProjects\MyGraph\.gradle\4.10.1\fileContent)" [_thread_blocked, id=4632, stack(0x00000000256e0000,0x00000000257e0000)]
  0x000000001a741000 JavaThread "Build operations Thread 8" [_thread_blocked, id=5824, stack(0x00000000253e0000,0x00000000254e0000)]
  0x000000001a742000 JavaThread "Build operations Thread 7" [_thread_blocked, id=9940, stack(0x0000000024ee0000,0x0000000024fe0000)]
  0x000000001a73f800 JavaThread "Build operations Thread 6" [_thread_blocked, id=2704, stack(0x0000000024ae0000,0x0000000024be0000)]
  0x000000001a738000 JavaThread "Build operations Thread 5" [_thread_blocked, id=2492, stack(0x00000000249e0000,0x0000000024ae0000)]
  0x000000001a73f000 JavaThread "Build operations Thread 4" [_thread_blocked, id=6044, stack(0x0000000024430000,0x0000000024530000)]
  0x000000001a73e000 JavaThread "Build operations Thread 3" [_thread_blocked, id=10388, stack(0x0000000022ae0000,0x0000000022be0000)]
  0x000000001a736800 JavaThread "Build operations Thread 2" [_thread_blocked, id=11776, stack(0x00000000229e0000,0x0000000022ae0000)]
  0x000000001a73c000 JavaThread "Build operations" [_thread_blocked, id=4580, stack(0x00000000228e0000,0x00000000229e0000)]
  0x000000001a737000 JavaThread "Cache worker for cache directory md-rule (C:\Users\Zed\.gradle\caches\4.10.1\md-rule)" [_thread_blocked, id=8000, stack(0x0000000021570000,0x0000000021670000)]
  0x000000001a73b000 JavaThread "Cache worker for cache directory md-supplier (C:\Users\Zed\.gradle\caches\4.10.1\md-supplier)" [_thread_blocked, id=3536, stack(0x0000000021470000,0x0000000021570000)]
  0x000000001a739800 JavaThread "Cache worker for file hash cache (C:\Users\Zed\YandexDisk-Zed-Rustam\AndroidProjects\MyGraph\.gradle\4.10.1\fileHashes)" [_thread_blocked, id=6040, stack(0x0000000021370000,0x0000000021470000)]
  0x000000001a73d800 JavaThread "Stdin handler" [_thread_blocked, id=3724, stack(0x0000000020a50000,0x0000000020b50000)]
  0x000000001a73c800 JavaThread "Asynchronous log dispatcher for DefaultDaemonConnection: socket connection from /127.0.0.1:52905 to /127.0.0.1:55535" [_thread_blocked, id=11140, stack(0x0000000020950000,0x0000000020a50000)]
  0x000000001a739000 JavaThread "Cancel handler" [_thread_blocked, id=11636, stack(0x000000001b650000,0x000000001b750000)]
  0x000000001a73a800 JavaThread "Handler for socket connection from /127.0.0.1:52905 to /127.0.0.1:55535" [_thread_in_native, id=8984, stack(0x000000001b550000,0x000000001b650000)]
  0x000000001a6d7800 JavaThread "ForkJoinPool.commonPool-worker-6" daemon [_thread_blocked, id=10320, stack(0x000000002a870000,0x000000002a970000)]
  0x000000001a6d6800 JavaThread "ForkJoinPool.commonPool-worker-5" daemon [_thread_blocked, id=13260, stack(0x000000002a770000,0x000000002a870000)]
  0x000000001a6dc800 JavaThread "ForkJoinPool.commonPool-worker-4" daemon [_thread_blocked, id=8528, stack(0x000000002a670000,0x000000002a770000)]
  0x000000001a6d9000 JavaThread "ForkJoinPool.commonPool-worker-2" daemon [_thread_blocked, id=10168, stack(0x00000000294a0000,0x00000000295a0000)]
  0x000000001a6d8000 JavaThread "ForkJoinPool.commonPool-worker-1" daemon [_thread_blocked, id=6024, stack(0x00000000293a0000,0x00000000294a0000)]
  0x000000001981f800 JavaThread "Daemon worker Thread 9" [_thread_blocked, id=9524, stack(0x000000001d220000,0x000000001d320000)]
  0x0000000019825800 JavaThread "Daemon Thread 9" [_thread_blocked, id=11836, stack(0x0000000000c60000,0x0000000000d60000)]
  0x000000001f9e0000 JavaThread "Cache worker for Java compile cache (C:\Users\Zed\.gradle\caches\4.10.1\javaCompile)" [_thread_blocked, id=5356, stack(0x0000000025d30000,0x0000000025e30000)]
  0x000000001a6e2000 JavaThread "Cache worker for file content cache (C:\Users\Zed\.gradle\caches\4.10.1\fileContent)" [_thread_blocked, id=9384, stack(0x0000000024330000,0x0000000024430000)]
  0x000000001a6e1000 JavaThread "Memory manager" [_thread_blocked, id=3624, stack(0x0000000022be0000,0x0000000022ce0000)]
  0x000000001ac45800 JavaThread "Cache worker for Artifact transforms cache (C:\Users\Zed\.gradle\caches\transforms-1)" [_thread_blocked, id=7528, stack(0x0000000020b50000,0x0000000020c50000)]
  0x000000001ac46800 JavaThread "Cache worker for journal cache (C:\Users\Zed\.gradle\caches\journal-1)" [_thread_blocked, id=4060, stack(0x000000001d120000,0x000000001d220000)]
  0x000000001a5b2000 JavaThread "File lock request listener" [_thread_in_native, id=12100, stack(0x000000001d020000,0x000000001d120000)]
  0x000000001aa38800 JavaThread "Cache worker for file hash cache (C:\Users\Zed\.gradle\caches\4.10.1\fileHashes)" [_thread_blocked, id=13068, stack(0x000000001cf20000,0x000000001d020000)]
  0x000000001a360000 JavaThread "Daemon periodic checks" [_thread_blocked, id=12908, stack(0x000000001b450000,0x000000001b550000)]
  0x000000001a343000 JavaThread "Incoming local TCP Connector on port 52905" [_thread_in_native, id=2684, stack(0x000000001b200000,0x000000001b300000)]
  0x0000000018763000 JavaThread "Service Thread" daemon [_thread_blocked, id=8100, stack(0x00000000192f0000,0x00000000193f0000)]
  0x000000001871a000 JavaThread "C1 CompilerThread3" daemon [_thread_blocked, id=2808, stack(0x00000000191f0000,0x00000000192f0000)]
=>0x000000001681e000 JavaThread "C2 CompilerThread2" daemon [_thread_in_native, id=3476, stack(0x00000000190f0000,0x00000000191f0000)]
  0x000000001870e800 JavaThread "C2 CompilerThread1" daemon [_thread_blocked, id=13628, stack(0x0000000018ff0000,0x00000000190f0000)]
  0x000000001870b800 JavaThread "C2 CompilerThread0" daemon [_thread_blocked, id=13480, stack(0x0000000018ef0000,0x0000000018ff0000)]
  0x000000001870a000 JavaThread "Attach Listener" daemon [_thread_blocked, id=12568, stack(0x0000000018df0000,0x0000000018ef0000)]
  0x0000000018715800 JavaThread "Signal Dispatcher" daemon [_thread_blocked, id=11544, stack(0x0000000018cf0000,0x0000000018df0000)]
  0x0000000002a4e000 JavaThread "Finalizer" daemon [_thread_blocked, id=3648, stack(0x0000000018ae0000,0x0000000018be0000)]
  0x000000001680c800 JavaThread "Reference Handler" daemon [_thread_blocked, id=7084, stack(0x00000000185e0000,0x00000000186e0000)]
  0x000000000106e000 JavaThread "main" [_thread_blocked, id=12376, stack(0x0000000002850000,0x0000000002950000)]

Other Threads:
  0x0000000016806000 VMThread [stack: 0x00000000184e0000,0x00000000185e0000] [id=13256]
  0x0000000018763800 WatcherThread [stack: 0x00000000193f0000,0x00000000194f0000] [id=9676]

VM state:not at safepoint (normal execution)

VM Mutex/Monitor currently owned by a thread: None

Heap:
 PSYoungGen      total 145408K, used 28594K [0x00000000e0000000, 0x00000000eab80000, 0x0000000100000000)
  eden space 122880K, 18% used [0x00000000e0000000,0x00000000e1681998,0x00000000e7800000)
  from space 22528K, 24% used [0x00000000e7800000,0x00000000e7d6b0e0,0x00000000e8e00000)
  to   space 22528K, 0% used [0x00000000e9580000,0x00000000e9580000,0x00000000eab80000)
 ParOldGen       total 278016K, used 33187K [0x00000000a0000000, 0x00000000b0f80000, 0x00000000e0000000)
  object space 278016K, 11% used [0x00000000a0000000,0x00000000a2068df8,0x00000000b0f80000)
 Metaspace       used 93098K, capacity 99145K, committed 99760K, reserved 1136640K
  class space    used 11814K, capacity 12851K, committed 12976K, reserved 1048576K

Card table byte_map: [0x0000000011e10000,0x0000000012120000] byte_map_base: 0x0000000011910000

Marking Bits: (ParMarkBitMap*) 0x0000000075f05aa0
 Begin Bits: [0x0000000012b20000, 0x0000000014320000)
 End Bits:   [0x0000000014320000, 0x0000000015b20000)

Polling page: 0x0000000000a80000

CodeCache: size=245760Kb used=63058Kb max_used=63093Kb free=182701Kb
 bounds [0x0000000002a50000, 0x0000000006850000, 0x0000000011a50000]
 total_blobs=19023 nmethods=18152 adapters=781
 compilation: enabled

Compilation events (10 events):
Event: 1647.625 Thread 0x000000001870b800 nmethod 23424 0x0000000005320250 code [0x00000000053203a0, 0x00000000053204e8]
Event: 1647.625 Thread 0x000000001870b800 23425       4       com.google.gson.stream.JsonReader::endArray (90 bytes)
Event: 1647.626 Thread 0x000000001870b800 nmethod 23425 0x000000000328c950 code [0x000000000328caa0, 0x000000000328cb78]
Event: 1647.638 Thread 0x000000001871a000 23426       3       org.gradle.internal.logging.services.DefaultLoggingManager::stop (5 bytes)
Event: 1647.639 Thread 0x000000001871a000 nmethod 23426 0x00000000053217d0 code [0x0000000005321940, 0x0000000005321ae8]
Event: 1647.644 Thread 0x000000001870b800 23427       4       org.gradle.internal.time.DefaultTimer::getElapsedMillis (29 bytes)
Event: 1647.645 Thread 0x000000001870b800 nmethod 23427 0x00000000033c72d0 code [0x00000000033c7420, 0x00000000033c74f8]
Event: 1647.696 Thread 0x000000001871a000 23428       1       com.google.common.collect.ImmutableSet::of (4 bytes)
Event: 1647.697 Thread 0x000000001871a000 nmethod 23428 0x0000000005321510 code [0x0000000005321660, 0x0000000005321750]
Event: 1647.733 Thread 0x000000001870e800 nmethod 23342 0x0000000005303790 code [0x0000000005304f40, 0x000000000530b968]

GC Heap History (10 events):
Event: 1626.713 GC heap before
{Heap before GC invocations=33 (full 4):
 PSYoungGen      total 125952K, used 8528K [0x00000000e0000000, 0x00000000e9d80000, 0x0000000100000000)
  eden space 117248K, 0% used [0x00000000e0000000,0x00000000e0000000,0x00000000e7280000)
  from space 8704K, 97% used [0x00000000e7480000,0x00000000e7cd4240,0x00000000e7d00000)
  to   space 22016K, 0% used [0x00000000e8800000,0x00000000e8800000,0x00000000e9d80000)
 ParOldGen       total 202240K, used 38885K [0x00000000a0000000, 0x00000000ac580000, 0x00000000e0000000)
  object space 202240K, 19% used [0x00000000a0000000,0x00000000a25f94b8,0x00000000ac580000)
 Metaspace       used 92323K, capacity 98497K, committed 98600K, reserved 1134592K
  class space    used 11772K, capacity 12873K, committed 12976K, reserved 1048576K
Event: 1627.078 GC heap after
Heap after GC invocations=33 (full 4):
 PSYoungGen      total 125952K, used 0K [0x00000000e0000000, 0x00000000e9d80000, 0x0000000100000000)
  eden space 117248K, 0% used [0x00000000e0000000,0x00000000e0000000,0x00000000e7280000)
  from space 8704K, 0% used [0x00000000e7480000,0x00000000e7480000,0x00000000e7d00000)
  to   space 22016K, 0% used [0x00000000e8800000,0x00000000e8800000,0x00000000e9d80000)
 ParOldGen       total 278016K, used 33163K [0x00000000a0000000, 0x00000000b0f80000, 0x00000000e0000000)
  object space 278016K, 11% used [0x00000000a0000000,0x00000000a2062df8,0x00000000b0f80000)
 Metaspace       used 91775K, capacity 97313K, committed 98600K, reserved 1134592K
  class space    used 11625K, capacity 12613K, committed 12976K, reserved 1048576K
}
Event: 1628.740 GC heap before
{Heap before GC invocations=34 (full 4):
 PSYoungGen      total 125952K, used 117248K [0x00000000e0000000, 0x00000000e9d80000, 0x0000000100000000)
  eden space 117248K, 100% used [0x00000000e0000000,0x00000000e7280000,0x00000000e7280000)
  from space 8704K, 0% used [0x00000000e7480000,0x00000000e7480000,0x00000000e7d00000)
  to   space 22016K, 0% used [0x00000000e8800000,0x00000000e8800000,0x00000000e9d80000)
 ParOldGen       total 278016K, used 33163K [0x00000000a0000000, 0x00000000b0f80000, 0x00000000e0000000)
  object space 278016K, 11% used [0x00000000a0000000,0x00000000a2062df8,0x00000000b0f80000)
 Metaspace       used 92031K, capacity 97727K, committed 98856K, reserved 1134592K
  class space    used 11661K, capacity 12676K, committed 12976K, reserved 1048576K
Event: 1628.746 GC heap after
Heap after GC invocations=34 (full 4):
 PSYoungGen      total 138240K, used 960K [0x00000000e0000000, 0x00000000ea680000, 0x0000000100000000)
  eden space 116224K, 0% used [0x00000000e0000000,0x00000000e0000000,0x00000000e7180000)
  from space 22016K, 4% used [0x00000000e8800000,0x00000000e88f0000,0x00000000e9d80000)
  to   space 23040K, 0% used [0x00000000e7180000,0x00000000e7180000,0x00000000e8800000)
 ParOldGen       total 278016K, used 33171K [0x00000000a0000000, 0x00000000b0f80000, 0x00000000e0000000)
  object space 278016K, 11% used [0x00000000a0000000,0x00000000a2064df8,0x00000000b0f80000)
 Metaspace       used 92031K, capacity 97727K, committed 98856K, reserved 1134592K
  class space    used 11661K, capacity 12676K, committed 12976K, reserved 1048576K
}
Event: 1643.313 GC heap before
{Heap before GC invocations=35 (full 4):
 PSYoungGen      total 138240K, used 116274K [0x00000000e0000000, 0x00000000ea680000, 0x0000000100000000)
  eden space 116224K, 99% used [0x00000000e0000000,0x00000000e709cb28,0x00000000e7180000)
  from space 22016K, 4% used [0x00000000e8800000,0x00000000e88f0000,0x00000000e9d80000)
  to   space 23040K, 0% used [0x00000000e7180000,0x00000000e7180000,0x00000000e8800000)
 ParOldGen       total 278016K, used 33171K [0x00000000a0000000, 0x00000000b0f80000, 0x00000000e0000000)
  object space 278016K, 11% used [0x00000000a0000000,0x00000000a2064df8,0x00000000b0f80000)
 Metaspace       used 92565K, capacity 98403K, committed 99248K, reserved 1136640K
  class space    used 11742K, capacity 12758K, committed 12976K, reserved 1048576K
Event: 1643.325 GC heap after
Heap after GC invocations=35 (full 4):
 PSYoungGen      total 139264K, used 6371K [0x00000000e0000000, 0x00000000ea480000, 0x0000000100000000)
  eden space 116224K, 0% used [0x00000000e0000000,0x00000000e0000000,0x00000000e7180000)
  from space 23040K, 27% used [0x00000000e7180000,0x00000000e77b8fd8,0x00000000e8800000)
  to   space 23040K, 0% used [0x00000000e8e00000,0x00000000e8e00000,0x00000000ea480000)
 ParOldGen       total 278016K, used 33179K [0x00000000a0000000, 0x00000000b0f80000, 0x00000000e0000000)
  object space 278016K, 11% used [0x00000000a0000000,0x00000000a2066df8,0x00000000b0f80000)
 Metaspace       used 92565K, capacity 98403K, committed 99248K, reserved 1136640K
  class space    used 11742K, capacity 12758K, committed 12976K, reserved 1048576K
}
Event: 1644.801 GC heap before
{Heap before GC invocations=36 (full 4):
 PSYoungGen      total 139264K, used 122595K [0x00000000e0000000, 0x00000000ea480000, 0x0000000100000000)
  eden space 116224K, 100% used [0x00000000e0000000,0x00000000e7180000,0x00000000e7180000)
  from space 23040K, 27% used [0x00000000e7180000,0x00000000e77b8fd8,0x00000000e8800000)
  to   space 23040K, 0% used [0x00000000e8e00000,0x00000000e8e00000,0x00000000ea480000)
 ParOldGen       total 278016K, used 33179K [0x00000000a0000000, 0x00000000b0f80000, 0x00000000e0000000)
  object space 278016K, 11% used [0x00000000a0000000,0x00000000a2066df8,0x00000000b0f80000)
 Metaspace       used 92946K, capacity 98983K, committed 99504K, reserved 1136640K
  class space    used 11804K, capacity 12846K, committed 12976K, reserved 1048576K
Event: 1644.824 GC heap after
Heap after GC invocations=36 (full 4):
 PSYoungGen      total 145920K, used 8357K [0x00000000e0000000, 0x00000000ea600000, 0x0000000100000000)
  eden space 122880K, 0% used [0x00000000e0000000,0x00000000e0000000,0x00000000e7800000)
  from space 23040K, 36% used [0x00000000e8e00000,0x00000000e9629460,0x00000000ea480000)
  to   space 22528K, 0% used [0x00000000e7800000,0x00000000e7800000,0x00000000e8e00000)
 ParOldGen       total 278016K, used 33187K [0x00000000a0000000, 0x00000000b0f80000, 0x00000000e0000000)
  object space 278016K, 11% used [0x00000000a0000000,0x00000000a2068df8,0x00000000b0f80000)
 Metaspace       used 92946K, capacity 98983K, committed 99504K, reserved 1136640K
  class space    used 11804K, capacity 12846K, committed 12976K, reserved 1048576K
}
Event: 1646.671 GC heap before
{Heap before GC invocations=37 (full 4):
 PSYoungGen      total 145920K, used 131098K [0x00000000e0000000, 0x00000000ea600000, 0x0000000100000000)
  eden space 122880K, 99% used [0x00000000e0000000,0x00000000e77dd3f8,0x00000000e7800000)
  from space 23040K, 36% used [0x00000000e8e00000,0x00000000e9629460,0x00000000ea480000)
  to   space 22528K, 0% used [0x00000000e7800000,0x00000000e7800000,0x00000000e8e00000)
 ParOldGen       total 278016K, used 33187K [0x00000000a0000000, 0x00000000b0f80000, 0x00000000e0000000)
  object space 278016K, 11% used [0x00000000a0000000,0x00000000a2068df8,0x00000000b0f80000)
 Metaspace       used 92980K, capacity 98983K, committed 99504K, reserved 1136640K
  class space    used 11804K, capacity 12846K, committed 12976K, reserved 1048576K
Event: 1646.685 GC heap after
Heap after GC invocations=37 (full 4):
 PSYoungGen      total 145408K, used 5548K [0x00000000e0000000, 0x00000000eab80000, 0x0000000100000000)
  eden space 122880K, 0% used [0x00000000e0000000,0x00000000e0000000,0x00000000e7800000)
  from space 22528K, 24% used [0x00000000e7800000,0x00000000e7d6b0e0,0x00000000e8e00000)
  to   space 22528K, 0% used [0x00000000e9580000,0x00000000e9580000,0x00000000eab80000)
 ParOldGen       total 278016K, used 33187K [0x00000000a0000000, 0x00000000b0f80000, 0x00000000e0000000)
  object space 278016K, 11% used [0x00000000a0000000,0x00000000a2068df8,0x00000000b0f80000)
 Metaspace       used 92980K, capacity 98983K, committed 99504K, reserved 1136640K
  class space    used 11804K, capacity 12846K, committed 12976K, reserved 1048576K
}

Deoptimization events (10 events):
Event: 1645.781 Thread 0x000000001a6d9000 Uncommon trap: reason=array_check action=maybe_recompile pc=0x0000000006275854 method=java.util.TimSort.mergeLo(IIII)V @ 468
Event: 1645.843 Thread 0x000000001a6d9000 Uncommon trap: reason=array_check action=maybe_recompile pc=0x0000000006275854 method=java.util.TimSort.mergeLo(IIII)V @ 468
Event: 1645.844 Thread 0x000000001a6d9000 Uncommon trap: reason=array_check action=maybe_recompile pc=0x0000000005fac134 method=java.util.TimSort.mergeHi(IIII)V @ 282
Event: 1646.804 Thread 0x000000001a6d9000 Uncommon trap: reason=unstable_if action=reinterpret pc=0x0000000002fe4f94 method=com.android.tools.r8.it.unimi.dsi.fastutil.objects.Object2IntLinkedOpenHashMap$MapIterator.hasNext()Z @ 5
Event: 1647.046 Thread 0x0000000027dc5000 Uncommon trap: reason=unstable_if action=reinterpret pc=0x000000000463c888 method=com.android.tools.r8.utils.LebUtils.parseUleb128(Lcom/android/tools/r8/dex/BinaryReader;)I @ 27
Event: 1647.063 Thread 0x000000001f9d8800 Uncommon trap: reason=unloaded action=reinterpret pc=0x00000000056156c0 method=com.android.tools.r8.code.BaseInstructionFactory.create(IILcom/android/tools/r8/code/BytecodeStream;Lcom/android/tools/r8/graph/OffsetToObjectMapping;)Lcom/android/tools/r8/cod
Event: 1647.157 Thread 0x000000001f9d8800 Uncommon trap: reason=unstable_if action=reinterpret pc=0x0000000003beab98 method=com.android.tools.r8.dex.Marker.parse(Lcom/android/tools/r8/graph/DexString;)Lcom/android/tools/r8/dex/Marker; @ 16
Event: 1647.482 Thread 0x000000001f9de000 Uncommon trap: reason=array_check action=maybe_recompile pc=0x00000000052f40a4 method=java.util.TimSort.mergeLo(IIII)V @ 133
Event: 1647.482 Thread 0x000000001f9de000 Uncommon trap: reason=array_check action=maybe_recompile pc=0x0000000005fac614 method=java.util.TimSort.mergeHi(IIII)V @ 171
Event: 1647.482 Thread 0x000000001f9de000 Uncommon trap: reason=array_check action=maybe_recompile pc=0x0000000005fac134 method=java.util.TimSort.mergeHi(IIII)V @ 282

Classes redefined (0 events):
No events

Internal exceptions (10 events):
Event: 1647.373 Thread 0x000000001f9d8000 Exception <a 'sun/nio/fs/WindowsException'> (0x00000000e0feb470) thrown at [D:\src\AOSP-openjdk-cygwin\jdk8u\hotspot\src\share\vm\prims\jni.cpp, line 709]
Event: 1647.407 Thread 0x000000001f9de800 Exception <a 'sun/nio/fs/WindowsException'> (0x00000000e1012b08) thrown at [D:\src\AOSP-openjdk-cygwin\jdk8u\hotspot\src\share\vm\prims\jni.cpp, line 709]
Event: 1647.412 Thread 0x000000001f9d6800 Exception <a 'sun/nio/fs/WindowsException'> (0x00000000e10e2c38) thrown at [D:\src\AOSP-openjdk-cygwin\jdk8u\hotspot\src\share\vm\prims\jni.cpp, line 709]
Event: 1647.430 Thread 0x000000001f9d8000 Exception <a 'sun/nio/fs/WindowsException'> (0x00000000e0ffb6a0) thrown at [D:\src\AOSP-openjdk-cygwin\jdk8u\hotspot\src\share\vm\prims\jni.cpp, line 709]
Event: 1647.430 Thread 0x000000001f9d9800 Exception <a 'sun/nio/fs/WindowsException'> (0x00000000e119f3d8) thrown at [D:\src\AOSP-openjdk-cygwin\jdk8u\hotspot\src\share\vm\prims\jni.cpp, line 709]
Event: 1647.448 Thread 0x000000001f9d8000 Exception <a 'sun/nio/fs/WindowsException'> (0x00000000e125e438) thrown at [D:\src\AOSP-openjdk-cygwin\jdk8u\hotspot\src\share\vm\prims\jni.cpp, line 709]
Event: 1647.464 Thread 0x000000001f9da000 Exception <a 'sun/nio/fs/WindowsException'> (0x00000000e13cce50) thrown at [D:\src\AOSP-openjdk-cygwin\jdk8u\hotspot\src\share\vm\prims\jni.cpp, line 709]
Event: 1647.472 Thread 0x000000001f9de800 Exception <a 'sun/nio/fs/WindowsException'> (0x00000000e1468120) thrown at [D:\src\AOSP-openjdk-cygwin\jdk8u\hotspot\src\share\vm\prims\jni.cpp, line 709]
Event: 1647.491 Thread 0x000000001f9de000 Exception <a 'sun/nio/fs/WindowsException'> (0x00000000e159c2d8) thrown at [D:\src\AOSP-openjdk-cygwin\jdk8u\hotspot\src\share\vm\prims\jni.cpp, line 709]
Event: 1647.624 Thread 0x000000001a740800 Exception <a 'sun/nio/fs/WindowsException'> (0x00000000e1635ac8) thrown at [D:\src\AOSP-openjdk-cygwin\jdk8u\hotspot\src\share\vm\prims\jni.cpp, line 709]

Events (10 events):
Event: 1647.658 loading class com/android/build/gradle/internal/tasks/InstantRunSplitApkResourcesBuilder$GenerateSplitApkResource$Companion
Event: 1647.658 loading class com/android/build/gradle/internal/tasks/InstantRunSplitApkResourcesBuilder$GenerateSplitApkResource$Companion done
Event: 1647.659 loading class kotlin/ranges/IntRange
Event: 1647.659 loading class kotlin/ranges/IntRange done
Event: 1647.659 loading class kotlin/ranges/IntProgression
Event: 1647.659 loading class kotlin/ranges/IntProgression done
Event: 1647.697 Executing VM operation: RevokeBias
Event: 1647.697 Executing VM operation: RevokeBias done
Event: 1647.697 Executing VM operation: RevokeBias
Event: 1647.697 Executing VM operation: RevokeBias done


Dynamic libraries:
0x00007ff6bc1e0000 - 0x00007ff6bc211000 	C:\Program Files\Android\Android Studio\jre\bin\java.exe
0x00007fff3ea20000 - 0x00007fff3ec10000 	C:\WINDOWS\SYSTEM32\ntdll.dll
0x00007fff3d850000 - 0x00007fff3d902000 	C:\WINDOWS\System32\KERNEL32.DLL
0x00007fff3bbe0000 - 0x00007fff3be82000 	C:\WINDOWS\System32\KERNELBASE.dll
0x00007fff3e640000 - 0x00007fff3e6e3000 	C:\WINDOWS\System32\ADVAPI32.dll
0x00007fff3e030000 - 0x00007fff3e0ce000 	C:\WINDOWS\System32\msvcrt.dll
0x00007fff3cbc0000 - 0x00007fff3cc57000 	C:\WINDOWS\System32\sechost.dll
0x00007fff3e520000 - 0x00007fff3e640000 	C:\WINDOWS\System32\RPCRT4.dll
0x00007fff3dd80000 - 0x00007fff3df13000 	C:\WINDOWS\System32\USER32.dll
0x00007fff3ca90000 - 0x00007fff3cab1000 	C:\WINDOWS\System32\win32u.dll
0x00007fff3df20000 - 0x00007fff3df46000 	C:\WINDOWS\System32\GDI32.dll
0x00007fff3ba40000 - 0x00007fff3bbd4000 	C:\WINDOWS\System32\gdi32full.dll
0x00007fff3c0f0000 - 0x00007fff3c18e000 	C:\WINDOWS\System32\msvcp_win.dll
0x00007fff3bff0000 - 0x00007fff3c0ea000 	C:\WINDOWS\System32\ucrtbase.dll
0x00007fff213c0000 - 0x00007fff21645000 	C:\WINDOWS\WinSxS\amd64_microsoft.windows.common-controls_6595b64144ccf1df_6.0.18362.30_none_a1435978519dce7f\COMCTL32.dll
0x00007fff3cdc0000 - 0x00007fff3d0f6000 	C:\WINDOWS\System32\combase.dll
0x00007fff3b9b0000 - 0x00007fff3ba31000 	C:\WINDOWS\System32\bcryptPrimitives.dll
0x00007fff3cae0000 - 0x00007fff3cb0e000 	C:\WINDOWS\System32\IMM32.DLL
0x0000000075560000 - 0x0000000075632000 	C:\Program Files\Android\Android Studio\jre\jre\bin\msvcr100.dll
0x0000000075740000 - 0x0000000075f81000 	C:\Program Files\Android\Android Studio\jre\jre\bin\server\jvm.dll
0x00007fff3e3d0000 - 0x00007fff3e3d8000 	C:\WINDOWS\System32\PSAPI.DLL
0x00007fff35490000 - 0x00007fff354b4000 	C:\WINDOWS\SYSTEM32\WINMM.dll
0x00007fff2f230000 - 0x00007fff2f23a000 	C:\WINDOWS\SYSTEM32\VERSION.dll
0x00007fff1cb20000 - 0x00007fff1cb29000 	C:\WINDOWS\SYSTEM32\WSOCK32.dll
0x00007fff35460000 - 0x00007fff3548d000 	C:\WINDOWS\SYSTEM32\winmmbase.dll
0x00007fff3e350000 - 0x00007fff3e3bf000 	C:\WINDOWS\System32\WS2_32.dll
0x00007fff3bfa0000 - 0x00007fff3bfea000 	C:\WINDOWS\System32\cfgmgr32.dll
0x00007fff351f0000 - 0x00007fff351ff000 	C:\Program Files\Android\Android Studio\jre\jre\bin\verify.dll
0x00007fff0a370000 - 0x00007fff0a399000 	C:\Program Files\Android\Android Studio\jre\jre\bin\java.dll
0x00007fff0a420000 - 0x00007fff0a436000 	C:\Program Files\Android\Android Studio\jre\jre\bin\zip.dll
0x00007fff3d110000 - 0x00007fff3d7f0000 	C:\WINDOWS\System32\SHELL32.dll
0x00007fff3e7c0000 - 0x00007fff3e869000 	C:\WINDOWS\System32\shcore.dll
0x00007fff3c190000 - 0x00007fff3c90b000 	C:\WINDOWS\System32\windows.storage.dll
0x00007fff3b900000 - 0x00007fff3b91f000 	C:\WINDOWS\System32\profapi.dll
0x00007fff3b920000 - 0x00007fff3b96a000 	C:\WINDOWS\System32\powrprof.dll
0x00007fff3b8f0000 - 0x00007fff3b900000 	C:\WINDOWS\System32\UMPDC.dll
0x00007fff3d7f0000 - 0x00007fff3d842000 	C:\WINDOWS\System32\shlwapi.dll
0x00007fff3b970000 - 0x00007fff3b981000 	C:\WINDOWS\System32\kernel.appcore.dll
0x00007fff3cac0000 - 0x00007fff3cad7000 	C:\WINDOWS\System32\cryptsp.dll
0x00007fff09a10000 - 0x00007fff09a2a000 	C:\Program Files\Android\Android Studio\jre\jre\bin\net.dll
0x00007fff3b160000 - 0x00007fff3b1c7000 	C:\WINDOWS\system32\mswsock.dll
0x00007fff099f0000 - 0x00007fff09a01000 	C:\Program Files\Android\Android Studio\jre\jre\bin\nio.dll
0x00007fff1aee0000 - 0x00007fff1aefe000 	C:\Users\Zed\.gradle\native\25\windows-amd64\native-platform.dll
0x00007fff351e0000 - 0x00007fff351ed000 	C:\Program Files\Android\Android Studio\jre\jre\bin\management.dll
0x00007fff3ad20000 - 0x00007fff3ad53000 	C:\WINDOWS\system32\rsaenh.dll
0x00007fff3ca60000 - 0x00007fff3ca86000 	C:\WINDOWS\System32\bcrypt.dll
0x00007fff3b810000 - 0x00007fff3b835000 	C:\WINDOWS\SYSTEM32\USERENV.dll
0x00007fff3b330000 - 0x00007fff3b33c000 	C:\WINDOWS\SYSTEM32\CRYPTBASE.dll
0x00007fff3aec0000 - 0x00007fff3aefa000 	C:\WINDOWS\SYSTEM32\IPHLPAPI.DLL
0x00007fff3d100000 - 0x00007fff3d108000 	C:\WINDOWS\System32\NSI.dll
0x00007fff2f240000 - 0x00007fff2f256000 	C:\WINDOWS\SYSTEM32\dhcpcsvc6.DLL
0x00007fff2fa50000 - 0x00007fff2fa6c000 	C:\WINDOWS\SYSTEM32\dhcpcsvc.DLL
0x00007fff3af00000 - 0x00007fff3afca000 	C:\WINDOWS\SYSTEM32\DNSAPI.dll

VM Arguments:
jvm_args: -Xmx1536m -Dfile.encoding=windows-1251 -Duser.country=RU -Duser.language=ru -Duser.variant 
java_command: org.gradle.launcher.daemon.bootstrap.GradleDaemon 4.10.1
java_class_path (initial): C:\Users\Zed\.gradle\wrapper\dists\gradle-4.10.1-all\455itskqi2qtf0v2sja68alqd\gradle-4.10.1\lib\gradle-launcher-4.10.1.jar
Launcher Type: SUN_STANDARD

Environment Variables:
PATH=C:\Program Files (x86)\Common Files\Oracle\Java\javapath;C:\Program Files (x86)\Intel\Intel(R) Management Engine Components\iCLS\;C:\Program Files\Intel\Intel(R) Management Engine Components\iCLS\;C:\WINDOWS\system32;C:\WINDOWS;C:\WINDOWS\System32\Wbem;C:\WINDOWS\System32\WindowsPowerShell\v1.0\;C:\WINDOWS\System32\OpenSSH\;C:\Program Files (x86)\Intel\Intel(R) Management Engine Components\DAL;C:\Program Files\Intel\Intel(R) Management Engine Components\DAL;C:\Program Files (x86)\Intel\Intel(R) Management Engine Components\IPT;C:\Program Files\Intel\Intel(R) Management Engine Components\IPT;C:\Program Files\Intel\WiFi\bin\;C:\Program Files\Common Files\Intel\WirelessCommon\;C:\Program Files\dotnet\;C:\Users\Zed\AppData\Local\Programs\Python\Python36\Scripts\;C:\Users\Zed\AppData\Local\Programs\Python\Python36\;C:\Users\Zed\AppData\Local\Microsoft\WindowsApps;
USERNAME=Zed
OS=Windows_NT
PROCESSOR_IDENTIFIER=Intel64 Family 6 Model 142 Stepping 10, GenuineIntel



---------------  S Y S T E M  ---------------

OS: Windows 10.0 , 64 bit Build 18362 (10.0.18362.1)

CPU:total 8 (initial active 8) (4 cores per cpu, 2 threads per core) family 6 model 142 stepping 10, cmov, cx8, fxsr, mmx, sse, sse2, sse3, ssse3, sse4.1, sse4.2, popcnt, avx, avx2, aes, clmul, erms, 3dnowpref, lzcnt, ht, tsc, tscinvbit, bmi1, bmi2, adx

Memory: 4k page, physical 12421860k(1684096k free), swap 12421860k(5852k free)

vm_info: OpenJDK 64-Bit Server VM (25.152-b01) for windows-amd64 JRE (1.8.0_152-release-1248-b01), built by "builder" with MS VC++ 10.0 (VS2010)

time: Tue Apr 09 15:40:51 2019
elapsed time: 1648 seconds (0d 0h 27m 28s)

