#
# There is insufficient memory for the Java Runtime Environment to continue.
# Native memory allocation (malloc) failed to allocate 1087376 bytes for Chunk::new
# Possible reasons:
#   The system is out of physical RAM or swap space
#   In 32 bit mode, the process size limit was hit
# Possible solutions:
#   Reduce memory load on the system
#   Increase physical memory or swap space
#   Check if swap backing store is full
#   Use 64 bit Java on a 64 bit OS
#   Decrease Java heap size (-Xmx/-Xms)
#   Decrease number of Java threads
#   Decrease Java thread stack sizes (-Xss)
#   Set larger code cache with -XX:ReservedCodeCacheSize=
# This output file may be truncated or incomplete.
#
#  Out of Memory Error (allocation.cpp:390), pid=12496, tid=0x00000000000031d8
#
# JRE version: OpenJDK Runtime Environment (8.0_152-b01) (build 1.8.0_152-release-1248-b01)
# Java VM: OpenJDK 64-Bit Server VM (25.152-b01 mixed mode windows-amd64 compressed oops)
# Failed to write core dump. Minidumps are not enabled by default on client versions of Windows
#

---------------  T H R E A D  ---------------

Current thread (0x000000001867c000):  JavaThread "C2 CompilerThread1" daemon [_thread_in_native, id=12760, stack(0x0000000018f60000,0x0000000019060000)]

Stack: [0x0000000018f60000,0x0000000019060000]
[error occurred during error reporting (printing stack bounds), id 0xc0000005]

Native frames: (J=compiled Java code, j=interpreted, Vv=VM code, C=native code)


Current CompileTask:
C2:   6641 5500   !   4       java.io.ObjectOutputStream::writeObject0 (619 bytes)


---------------  P R O C E S S  ---------------

Java Threads: ( => current thread )
  0x0000000019bf2000 JavaThread "stdout" [_thread_in_native, id=13792, stack(0x00000000254b0000,0x00000000255b0000)]
  0x0000000019bf5800 JavaThread "stderr" [_thread_in_native, id=10812, stack(0x00000000253b0000,0x00000000254b0000)]
  0x0000000019bf7000 JavaThread "pool-2-thread-1" [_thread_blocked, id=15312, stack(0x00000000250b0000,0x00000000251b0000)]
  0x0000000019bf6800 JavaThread "Cache worker for Build Output Cleanup Cache (C:\Users\Zed\YandexDisk-Zed-Rustam\AndroidProjects\Map Editor for Brawl Stars\MyGraph\.gradle\buildOutputCleanup)" [_thread_blocked, id=16508, stack(0x0000000024fb0000,0x00000000250b0000)]
  0x0000000019bf5000 JavaThread "Cache worker for task history cache (C:\Users\Zed\YandexDisk-Zed-Rustam\AndroidProjects\Map Editor for Brawl Stars\MyGraph\.gradle\4.10.1\taskHistory)" [_thread_blocked, id=14188, stack(0x0000000024eb0000,0x0000000024fb0000)]
  0x0000000019bf1000 JavaThread "Task worker for ':' Thread 7" [_thread_blocked, id=9228, stack(0x0000000024db0000,0x0000000024eb0000)]
  0x000000001c11f000 JavaThread "Task worker for ':' Thread 6" [_thread_blocked, id=15804, stack(0x0000000024cb0000,0x0000000024db0000)]
  0x000000001c11e000 JavaThread "Task worker for ':' Thread 5" [_thread_blocked, id=5620, stack(0x0000000024bb0000,0x0000000024cb0000)]
  0x000000001c11f800 JavaThread "Task worker for ':' Thread 4" [_thread_blocked, id=10156, stack(0x00000000249b0000,0x0000000024ab0000)]
  0x000000001c122000 JavaThread "Task worker for ':' Thread 3" [_thread_blocked, id=14412, stack(0x00000000248b0000,0x00000000249b0000)]
  0x000000001c11c800 JavaThread "Task worker for ':' Thread 2" [_thread_blocked, id=16940, stack(0x0000000023d10000,0x0000000023e10000)]
  0x000000001c123800 JavaThread "Task worker for ':'" [_thread_blocked, id=15604, stack(0x00000000231d0000,0x00000000232d0000)]
  0x000000001c121000 JavaThread "Cache worker for file content cache (C:\Users\Zed\YandexDisk-Zed-Rustam\AndroidProjects\Map Editor for Brawl Stars\MyGraph\.gradle\4.10.1\fileContent)" [_thread_blocked, id=12832, stack(0x00000000247b0000,0x00000000248b0000)]
  0x000000001c120800 JavaThread "Cache worker for file content cache (C:\Users\Zed\.gradle\caches\4.10.1\fileContent)" [_thread_blocked, id=2088, stack(0x00000000246b0000,0x00000000247b0000)]
  0x000000001c122800 JavaThread "Memory manager" [_thread_blocked, id=14104, stack(0x0000000022a90000,0x0000000022b90000)]
  0x000000001c119000 JavaThread "Build operations Thread 8" [_thread_blocked, id=15352, stack(0x0000000022990000,0x0000000022a90000)]
  0x000000001c118000 JavaThread "Build operations Thread 7" [_thread_blocked, id=6132, stack(0x0000000022890000,0x0000000022990000)]
  0x000000001c114800 JavaThread "Build operations Thread 6" [_thread_blocked, id=11488, stack(0x0000000022790000,0x0000000022890000)]
  0x000000001c11b000 JavaThread "Build operations Thread 5" [_thread_blocked, id=17336, stack(0x0000000022690000,0x0000000022790000)]
  0x000000001c116800 JavaThread "Build operations Thread 4" [_thread_blocked, id=10316, stack(0x0000000022590000,0x0000000022690000)]
  0x000000001c116000 JavaThread "Build operations Thread 3" [_thread_blocked, id=12880, stack(0x0000000022490000,0x0000000022590000)]
  0x000000001c115000 JavaThread "Build operations Thread 2" [_thread_blocked, id=14756, stack(0x0000000022390000,0x0000000022490000)]
  0x000000001c11a800 JavaThread "Build operations" [_thread_blocked, id=15144, stack(0x0000000022290000,0x0000000022390000)]
  0x0000000019d95800 JavaThread "Cache worker for Artifact transforms cache (C:\Users\Zed\.gradle\caches\transforms-1)" [_thread_blocked, id=11524, stack(0x0000000020d00000,0x0000000020e00000)]
  0x0000000019d9b000 JavaThread "Cache worker for cache directory md-rule (C:\Users\Zed\.gradle\caches\4.10.1\md-rule)" [_thread_blocked, id=10520, stack(0x0000000020c00000,0x0000000020d00000)]
  0x0000000019d98800 JavaThread "Cache worker for cache directory md-supplier (C:\Users\Zed\.gradle\caches\4.10.1\md-supplier)" [_thread_blocked, id=14568, stack(0x0000000020b00000,0x0000000020c00000)]
  0x0000000019d95000 JavaThread "Cache worker for journal cache (C:\Users\Zed\.gradle\caches\journal-1)" [_thread_blocked, id=12032, stack(0x000000001d090000,0x000000001d190000)]
  0x000000001c1aa000 JavaThread "Cache worker for file hash cache (C:\Users\Zed\YandexDisk-Zed-Rustam\AndroidProjects\Map Editor for Brawl Stars\MyGraph\.gradle\4.10.1\fileHashes)" [_thread_blocked, id=17160, stack(0x000000001d1f0000,0x000000001d2f0000)]
  0x000000001ac03800 JavaThread "File lock request listener" [_thread_in_native, id=16244, stack(0x000000001cf90000,0x000000001d090000)]
  0x000000001c0d1000 JavaThread "Cache worker for file hash cache (C:\Users\Zed\.gradle\caches\4.10.1\fileHashes)" [_thread_blocked, id=14012, stack(0x000000001ce90000,0x000000001cf90000)]
  0x000000001a67d800 JavaThread "Stdin handler" [_thread_blocked, id=11820, stack(0x000000001bbc0000,0x000000001bcc0000)]
  0x000000001a67d000 JavaThread "Asynchronous log dispatcher for DefaultDaemonConnection: socket connection from /127.0.0.1:60590 to /127.0.0.1:60591" [_thread_blocked, id=15968, stack(0x000000001bac0000,0x000000001bbc0000)]
  0x000000001a776000 JavaThread "Daemon worker" [_thread_blocked, id=15928, stack(0x000000001b7c0000,0x000000001b8c0000)]
  0x000000001a67f800 JavaThread "Cancel handler" [_thread_blocked, id=6964, stack(0x000000001b6c0000,0x000000001b7c0000)]
  0x000000001a70a800 JavaThread "Handler for socket connection from /127.0.0.1:60590 to /127.0.0.1:60591" [_thread_in_native, id=10596, stack(0x000000001b5c0000,0x000000001b6c0000)]
  0x000000001a705800 JavaThread "Daemon" [_thread_blocked, id=16024, stack(0x000000001b4c0000,0x000000001b5c0000)]
  0x000000001a6cd000 JavaThread "Daemon periodic checks" [_thread_blocked, id=14156, stack(0x000000001b3c0000,0x000000001b4c0000)]
  0x000000001a6d9800 JavaThread "Incoming local TCP Connector on port 60590" [_thread_in_native, id=1004, stack(0x000000001b170000,0x000000001b270000)]
  0x0000000018714800 JavaThread "Service Thread" daemon [_thread_blocked, id=9528, stack(0x0000000019260000,0x0000000019360000)]
  0x0000000018682800 JavaThread "C1 CompilerThread3" daemon [_thread_blocked, id=6532, stack(0x0000000019160000,0x0000000019260000)]
  0x000000001867d800 JavaThread "C2 CompilerThread2" daemon [_thread_blocked, id=13736, stack(0x0000000019060000,0x0000000019160000)]
=>0x000000001867c000 JavaThread "C2 CompilerThread1" daemon [_thread_in_native, id=12760, stack(0x0000000018f60000,0x0000000019060000)]
  0x0000000018679000 JavaThread "C2 CompilerThread0" daemon [_thread_blocked, id=15652, stack(0x0000000018e60000,0x0000000018f60000)]
  0x0000000018678000 JavaThread "Attach Listener" daemon [_thread_blocked, id=4796, stack(0x0000000018d60000,0x0000000018e60000)]
  0x0000000018677000 JavaThread "Signal Dispatcher" daemon [_thread_blocked, id=14816, stack(0x0000000018c60000,0x0000000018d60000)]
  0x00000000029ad800 JavaThread "Finalizer" daemon [_thread_blocked, id=10628, stack(0x0000000018a50000,0x0000000018b50000)]
  0x000000001676c800 JavaThread "Reference Handler" daemon [_thread_blocked, id=10588, stack(0x0000000018550000,0x0000000018650000)]
  0x00000000005fe000 JavaThread "main" [_thread_blocked, id=11976, stack(0x0000000002740000,0x0000000002840000)]

Other Threads:
  0x0000000016766000 VMThread [stack: 0x0000000018450000,0x0000000018550000] [id=14248]
  0x0000000018715800 WatcherThread [stack: 0x0000000019360000,0x0000000019460000] [id=7036]

VM state:not at safepoint (normal execution)

VM Mutex/Monitor currently owned by a thread: None

Heap:
 PSYoungGen      total 217600K, used 15981K [0x00000000e0000000, 0x00000000ef300000, 0x0000000100000000)
  eden space 200192K, 7% used [0x00000000e0000000,0x00000000e0f9b6b8,0x00000000ec380000)
  from space 17408K, 0% used [0x00000000ed900000,0x00000000ed900000,0x00000000eea00000)
  to   space 22016K, 0% used [0x00000000ec380000,0x00000000ec380000,0x00000000ed900000)
 ParOldGen       total 133632K, used 35828K [0x00000000a0000000, 0x00000000a8280000, 0x00000000e0000000)
  object space 133632K, 26% used [0x00000000a0000000,0x00000000a22fd0c0,0x00000000a8280000)
 Metaspace       used 58064K, capacity 59616K, committed 59952K, reserved 1101824K
  class space    used 7955K, capacity 8377K, committed 8496K, reserved 1048576K

Card table byte_map: [0x0000000011d70000,0x0000000012080000] byte_map_base: 0x0000000011870000

Marking Bits: (ParMarkBitMap*) 0x0000000077795aa0
 Begin Bits: [0x0000000012a80000, 0x0000000014280000)
 End Bits:   [0x0000000014280000, 0x0000000015a80000)

Polling page: 0x0000000000ef0000

CodeCache: size=245760Kb used=18027Kb max_used=18408Kb free=227732Kb
 bounds [0x00000000029b0000, 0x0000000003bc0000, 0x00000000119b0000]
 total_blobs=6132 nmethods=5336 adapters=708
 compilation: enabled

Compilation events (10 events):
Event: 6.600 Thread 0x0000000018682800 5605       3       com.google.gson.internal.bind.TypeAdapters$33::create (30 bytes)
Event: 6.600 Thread 0x0000000018682800 nmethod 5605 0x0000000002bb5150 code [0x0000000002bb52c0, 0x0000000002bb5550]
Event: 6.603 Thread 0x0000000018682800 5606       3       org.apache.commons.io.FilenameUtils::getPrefixLength (292 bytes)
Event: 6.605 Thread 0x0000000018682800 nmethod 5606 0x0000000002c24f50 code [0x0000000002c25240, 0x0000000002c26c08]
Event: 6.605 Thread 0x0000000018682800 5608       3       com.google.common.cache.LocalCache$Segment::scheduleRefresh (66 bytes)
Event: 6.606 Thread 0x0000000018682800 nmethod 5608 0x0000000002b34190 code [0x0000000002b34340, 0x0000000002b34978]
Event: 6.606 Thread 0x0000000018682800 5607       3       com.google.common.cache.LocalCache$Segment::getLiveValue (61 bytes)
Event: 6.607 Thread 0x0000000018682800 nmethod 5607 0x0000000002ccf5d0 code [0x0000000002ccf920, 0x0000000002cd1598]
Event: 6.638 Thread 0x0000000018682800 5609       3       java.io.Reader::<init> (27 bytes)
Event: 6.638 Thread 0x0000000018682800 nmethod 5609 0x0000000002b32ed0 code [0x0000000002b33040, 0x0000000002b33308]

GC Heap History (10 events):
Event: 3.944 GC heap before
{Heap before GC invocations=7 (full 1):
 PSYoungGen      total 105984K, used 75452K [0x00000000e0000000, 0x00000000eb200000, 0x0000000100000000)
  eden space 98304K, 68% used [0x00000000e0000000,0x00000000e42303f8,0x00000000e6000000)
  from space 7680K, 99% used [0x00000000e6000000,0x00000000e677eee8,0x00000000e6780000)
  to   space 12288K, 0% used [0x00000000ea600000,0x00000000ea600000,0x00000000eb200000)
 ParOldGen       total 78848K, used 10510K [0x00000000a0000000, 0x00000000a4d00000, 0x00000000e0000000)
  object space 78848K, 13% used [0x00000000a0000000,0x00000000a0a43848,0x00000000a4d00000)
 Metaspace       used 34832K, capacity 35358K, committed 35496K, reserved 1079296K
  class space    used 4854K, capacity 5097K, committed 5168K, reserved 1048576K
Event: 3.951 GC heap after
Heap after GC invocations=7 (full 1):
 PSYoungGen      total 166400K, used 11645K [0x00000000e0000000, 0x00000000eb180000, 0x0000000100000000)
  eden space 154624K, 0% used [0x00000000e0000000,0x00000000e0000000,0x00000000e9700000)
  from space 11776K, 98% used [0x00000000ea600000,0x00000000eb15f4d0,0x00000000eb180000)
  to   space 13312K, 0% used [0x00000000e9780000,0x00000000e9780000,0x00000000ea480000)
 ParOldGen       total 78848K, used 10518K [0x00000000a0000000, 0x00000000a4d00000, 0x00000000e0000000)
  object space 78848K, 13% used [0x00000000a0000000,0x00000000a0a45848,0x00000000a4d00000)
 Metaspace       used 34832K, capacity 35358K, committed 35496K, reserved 1079296K
  class space    used 4854K, capacity 5097K, committed 5168K, reserved 1048576K
}
Event: 3.951 GC heap before
{Heap before GC invocations=8 (full 2):
 PSYoungGen      total 166400K, used 11645K [0x00000000e0000000, 0x00000000eb180000, 0x0000000100000000)
  eden space 154624K, 0% used [0x00000000e0000000,0x00000000e0000000,0x00000000e9700000)
  from space 11776K, 98% used [0x00000000ea600000,0x00000000eb15f4d0,0x00000000eb180000)
  to   space 13312K, 0% used [0x00000000e9780000,0x00000000e9780000,0x00000000ea480000)
 ParOldGen       total 78848K, used 10518K [0x00000000a0000000, 0x00000000a4d00000, 0x00000000e0000000)
  object space 78848K, 13% used [0x00000000a0000000,0x00000000a0a45848,0x00000000a4d00000)
 Metaspace       used 34832K, capacity 35358K, committed 35496K, reserved 1079296K
  class space    used 4854K, capacity 5097K, committed 5168K, reserved 1048576K
Event: 4.028 GC heap after
Heap after GC invocations=8 (full 2):
 PSYoungGen      total 166400K, used 0K [0x00000000e0000000, 0x00000000eb180000, 0x0000000100000000)
  eden space 154624K, 0% used [0x00000000e0000000,0x00000000e0000000,0x00000000e9700000)
  from space 11776K, 0% used [0x00000000ea600000,0x00000000ea600000,0x00000000eb180000)
  to   space 13312K, 0% used [0x00000000e9780000,0x00000000e9780000,0x00000000ea480000)
 ParOldGen       total 133632K, used 18250K [0x00000000a0000000, 0x00000000a8280000, 0x00000000e0000000)
  object space 133632K, 13% used [0x00000000a0000000,0x00000000a11d2940,0x00000000a8280000)
 Metaspace       used 34832K, capacity 35358K, committed 35496K, reserved 1079296K
  class space    used 4854K, capacity 5097K, committed 5168K, reserved 1048576K
}
Event: 5.187 GC heap before
{Heap before GC invocations=9 (full 2):
 PSYoungGen      total 166400K, used 154624K [0x00000000e0000000, 0x00000000eb180000, 0x0000000100000000)
  eden space 154624K, 100% used [0x00000000e0000000,0x00000000e9700000,0x00000000e9700000)
  from space 11776K, 0% used [0x00000000ea600000,0x00000000ea600000,0x00000000eb180000)
  to   space 13312K, 0% used [0x00000000e9780000,0x00000000e9780000,0x00000000ea480000)
 ParOldGen       total 133632K, used 18250K [0x00000000a0000000, 0x00000000a8280000, 0x00000000e0000000)
  object space 133632K, 13% used [0x00000000a0000000,0x00000000a11d2940,0x00000000a8280000)
 Metaspace       used 47904K, capacity 48748K, committed 49072K, reserved 1091584K
  class space    used 6470K, capacity 6763K, committed 6832K, reserved 1048576K
Event: 5.199 GC heap after
Heap after GC invocations=9 (full 2):
 PSYoungGen      total 168448K, used 13288K [0x00000000e0000000, 0x00000000eea00000, 0x0000000100000000)
  eden space 155136K, 0% used [0x00000000e0000000,0x00000000e0000000,0x00000000e9780000)
  from space 13312K, 99% used [0x00000000e9780000,0x00000000ea47a388,0x00000000ea480000)
  to   space 17408K, 0% used [0x00000000ed900000,0x00000000ed900000,0x00000000eea00000)
 ParOldGen       total 133632K, used 23209K [0x00000000a0000000, 0x00000000a8280000, 0x00000000e0000000)
  object space 133632K, 17% used [0x00000000a0000000,0x00000000a16aa4c8,0x00000000a8280000)
 Metaspace       used 47904K, capacity 48748K, committed 49072K, reserved 1091584K
  class space    used 6470K, capacity 6763K, committed 6832K, reserved 1048576K
}
Event: 6.206 GC heap before
{Heap before GC invocations=10 (full 2):
 PSYoungGen      total 168448K, used 129185K [0x00000000e0000000, 0x00000000eea00000, 0x0000000100000000)
  eden space 155136K, 74% used [0x00000000e0000000,0x00000000e712e298,0x00000000e9780000)
  from space 13312K, 99% used [0x00000000e9780000,0x00000000ea47a388,0x00000000ea480000)
  to   space 17408K, 0% used [0x00000000ed900000,0x00000000ed900000,0x00000000eea00000)
 ParOldGen       total 133632K, used 23209K [0x00000000a0000000, 0x00000000a8280000, 0x00000000e0000000)
  object space 133632K, 17% used [0x00000000a0000000,0x00000000a16aa4c8,0x00000000a8280000)
 Metaspace       used 57519K, capacity 59042K, committed 59160K, reserved 1099776K
  class space    used 7887K, capacity 8300K, committed 8368K, reserved 1048576K
Event: 6.219 GC heap after
Heap after GC invocations=10 (full 2):
 PSYoungGen      total 217600K, used 17395K [0x00000000e0000000, 0x00000000ef300000, 0x0000000100000000)
  eden space 200192K, 0% used [0x00000000e0000000,0x00000000e0000000,0x00000000ec380000)
  from space 17408K, 99% used [0x00000000ed900000,0x00000000ee9fce10,0x00000000eea00000)
  to   space 22016K, 0% used [0x00000000ec380000,0x00000000ec380000,0x00000000ed900000)
 ParOldGen       total 133632K, used 28192K [0x00000000a0000000, 0x00000000a8280000, 0x00000000e0000000)
  object space 133632K, 21% used [0x00000000a0000000,0x00000000a1b88220,0x00000000a8280000)
 Metaspace       used 57519K, capacity 59042K, committed 59160K, reserved 1099776K
  class space    used 7887K, capacity 8300K, committed 8368K, reserved 1048576K
}
Event: 6.219 GC heap before
{Heap before GC invocations=11 (full 3):
 PSYoungGen      total 217600K, used 17395K [0x00000000e0000000, 0x00000000ef300000, 0x0000000100000000)
  eden space 200192K, 0% used [0x00000000e0000000,0x00000000e0000000,0x00000000ec380000)
  from space 17408K, 99% used [0x00000000ed900000,0x00000000ee9fce10,0x00000000eea00000)
  to   space 22016K, 0% used [0x00000000ec380000,0x00000000ec380000,0x00000000ed900000)
 ParOldGen       total 133632K, used 28192K [0x00000000a0000000, 0x00000000a8280000, 0x00000000e0000000)
  object space 133632K, 21% used [0x00000000a0000000,0x00000000a1b88220,0x00000000a8280000)
 Metaspace       used 57519K, capacity 59042K, committed 59160K, reserved 1099776K
  class space    used 7887K, capacity 8300K, committed 8368K, reserved 1048576K
Event: 6.425 GC heap after
Heap after GC invocations=11 (full 3):
 PSYoungGen      total 217600K, used 0K [0x00000000e0000000, 0x00000000ef300000, 0x0000000100000000)
  eden space 200192K, 0% used [0x00000000e0000000,0x00000000e0000000,0x00000000ec380000)
  from space 17408K, 0% used [0x00000000ed900000,0x00000000ed900000,0x00000000eea00000)
  to   space 22016K, 0% used [0x00000000ec380000,0x00000000ec380000,0x00000000ed900000)
 ParOldGen       total 133632K, used 35828K [0x00000000a0000000, 0x00000000a8280000, 0x00000000e0000000)
  object space 133632K, 26% used [0x00000000a0000000,0x00000000a22fd0c0,0x00000000a8280000)
 Metaspace       used 57519K, capacity 59042K, committed 59160K, reserved 1099776K
  class space    used 7887K, capacity 8300K, committed 8368K, reserved 1048576K
}

Deoptimization events (10 events):
Event: 6.454 Thread 0x000000001c11e000 Uncommon trap: reason=unstable_if action=reinterpret pc=0x0000000003914f14 method=com.sun.org.apache.xerces.internal.impl.XMLEntityScanner.skipSpaces()Z @ 85
Event: 6.455 Thread 0x000000001c11e000 Uncommon trap: reason=unstable_if action=reinterpret pc=0x00000000037eb0a8 method=java.util.regex.Pattern$GroupTail.match(Ljava/util/regex/Matcher;ILjava/lang/CharSequence;)Z @ 73
Event: 6.455 Thread 0x000000001c11e000 Uncommon trap: reason=unstable_if action=reinterpret pc=0x00000000038e90ac method=com.sun.org.apache.xerces.internal.impl.XMLEntityScanner.peekChar()I @ 51
Event: 6.455 Thread 0x000000001c11e000 Uncommon trap: reason=unstable_if action=reinterpret pc=0x00000000037e9970 method=com.sun.org.apache.xerces.internal.impl.XMLEntityScanner.scanContent(Lcom/sun/org/apache/xerces/internal/xni/XMLString;)I @ 163
Event: 6.470 Thread 0x000000001c11e000 Uncommon trap: reason=class_check action=maybe_recompile pc=0x0000000003667b04 method=java.io.ObjectOutputStream$BlockDataOutputStream.drain()V @ 36
Event: 6.471 Thread 0x000000001c11e000 Uncommon trap: reason=class_check action=maybe_recompile pc=0x0000000003667b04 method=java.io.ObjectOutputStream$BlockDataOutputStream.drain()V @ 36
Event: 6.471 Thread 0x000000001c11e000 Uncommon trap: reason=class_check action=maybe_recompile pc=0x0000000003667b04 method=java.io.ObjectOutputStream$BlockDataOutputStream.drain()V @ 36
Event: 6.471 Thread 0x000000001c11e000 Uncommon trap: reason=class_check action=maybe_recompile pc=0x0000000003667b04 method=java.io.ObjectOutputStream$BlockDataOutputStream.drain()V @ 36
Event: 6.489 Thread 0x0000000019bf5000 Uncommon trap: reason=unstable_if action=reinterpret pc=0x0000000003305f64 method=com.esotericsoftware.kryo.io.Input.readUtf8(I)V @ 79
Event: 6.500 Thread 0x000000001c11e000 Uncommon trap: reason=unstable_if action=reinterpret pc=0x000000000385a9ac method=java.util.regex.Pattern.closure(Ljava/util/regex/Pattern$Node;)Ljava/util/regex/Pattern$Node; @ 113

Classes redefined (0 events):
No events

Internal exceptions (10 events):
Event: 6.148 Thread 0x000000001c11e000 Exception <a 'java/lang/NoSuchMethodError': <clinit>> (0x00000000e6dbcef0) thrown at [D:\src\AOSP-openjdk-cygwin\jdk8u\hotspot\src\share\vm\prims\jni.cpp, line 1613]
Event: 6.148 Thread 0x000000001c11e000 Exception <a 'java/lang/NoSuchMethodError': <clinit>> (0x00000000e6dc8170) thrown at [D:\src\AOSP-openjdk-cygwin\jdk8u\hotspot\src\share\vm\prims\jni.cpp, line 1613]
Event: 6.162 Thread 0x000000001c11e000 Exception <a 'java/lang/NoSuchMethodError': <clinit>> (0x00000000e6eaec60) thrown at [D:\src\AOSP-openjdk-cygwin\jdk8u\hotspot\src\share\vm\prims\jni.cpp, line 1613]
Event: 6.163 Thread 0x000000001c11e000 Exception <a 'java/lang/NoSuchMethodError': <clinit>> (0x00000000e6ec1a68) thrown at [D:\src\AOSP-openjdk-cygwin\jdk8u\hotspot\src\share\vm\prims\jni.cpp, line 1613]
Event: 6.163 Thread 0x000000001c11e000 Exception <a 'java/lang/NoSuchMethodError': <clinit>> (0x00000000e6ec3318) thrown at [D:\src\AOSP-openjdk-cygwin\jdk8u\hotspot\src\share\vm\prims\jni.cpp, line 1613]
Event: 6.436 Thread 0x000000001c11e000 Exception <a 'java/lang/NoSuchMethodError': <clinit>> (0x00000000e00db2a8) thrown at [D:\src\AOSP-openjdk-cygwin\jdk8u\hotspot\src\share\vm\prims\jni.cpp, line 1613]
Event: 6.470 Thread 0x000000001c11e000 Exception <a 'java/lang/NoSuchMethodError': <clinit>> (0x00000000e06b2ff0) thrown at [D:\src\AOSP-openjdk-cygwin\jdk8u\hotspot\src\share\vm\prims\jni.cpp, line 1613]
Event: 6.471 Thread 0x000000001c11e000 Exception <a 'java/lang/NoSuchMethodError': <clinit>> (0x00000000e06bcab8) thrown at [D:\src\AOSP-openjdk-cygwin\jdk8u\hotspot\src\share\vm\prims\jni.cpp, line 1613]
Event: 6.472 Thread 0x000000001c11e000 Exception <a 'java/lang/NoSuchMethodError': <clinit>> (0x00000000e072e1d0) thrown at [D:\src\AOSP-openjdk-cygwin\jdk8u\hotspot\src\share\vm\prims\jni.cpp, line 1613]
Event: 6.473 Thread 0x000000001c11e000 Exception <a 'java/lang/NoSuchMethodError': <clinit>> (0x00000000e0739460) thrown at [D:\src\AOSP-openjdk-cygwin\jdk8u\hotspot\src\share\vm\prims\jni.cpp, line 1613]

Events (10 events):
Event: 6.635 loading class com/android/utils/GrabProcessOutput$Wait
Event: 6.635 loading class com/android/utils/GrabProcessOutput$Wait done
Event: 6.635 loading class com/android/utils/GrabProcessOutput
Event: 6.635 loading class com/android/utils/GrabProcessOutput done
Event: 6.636 loading class com/android/utils/GrabProcessOutput$1
Event: 6.636 loading class com/android/utils/GrabProcessOutput$1 done
Event: 6.636 loading class com/android/utils/GrabProcessOutput$2
Event: 6.636 loading class com/android/utils/GrabProcessOutput$2 done
Event: 6.636 Thread 0x0000000019bf5800 Thread added: 0x0000000019bf5800
Event: 6.636 Thread 0x0000000019bf2000 Thread added: 0x0000000019bf2000


Dynamic libraries:
0x00007ff6927a0000 - 0x00007ff6927d1000 	C:\Program Files\Android\Android Studio\jre\bin\java.exe
0x00007ff967180000 - 0x00007ff967370000 	C:\WINDOWS\SYSTEM32\ntdll.dll
0x00007ff9652b0000 - 0x00007ff965362000 	C:\WINDOWS\System32\KERNEL32.DLL
0x00007ff9645f0000 - 0x00007ff964892000 	C:\WINDOWS\System32\KERNELBASE.dll
0x00007ff966c90000 - 0x00007ff966d33000 	C:\WINDOWS\System32\ADVAPI32.dll
0x00007ff966990000 - 0x00007ff966a2e000 	C:\WINDOWS\System32\msvcrt.dll
0x00007ff9668f0000 - 0x00007ff966987000 	C:\WINDOWS\System32\sechost.dll
0x00007ff966b70000 - 0x00007ff966c90000 	C:\WINDOWS\System32\RPCRT4.dll
0x00007ff966750000 - 0x00007ff9668e3000 	C:\WINDOWS\System32\USER32.dll
0x00007ff964110000 - 0x00007ff964131000 	C:\WINDOWS\System32\win32u.dll
0x00007ff967110000 - 0x00007ff967136000 	C:\WINDOWS\System32\GDI32.dll
0x00007ff9641f0000 - 0x00007ff964384000 	C:\WINDOWS\System32\gdi32full.dll
0x00007ff9648d0000 - 0x00007ff96496e000 	C:\WINDOWS\System32\msvcp_win.dll
0x00007ff9644f0000 - 0x00007ff9645ea000 	C:\WINDOWS\System32\ucrtbase.dll
0x00007ff94d970000 - 0x00007ff94dbf5000 	C:\WINDOWS\WinSxS\amd64_microsoft.windows.common-controls_6595b64144ccf1df_6.0.18362.1_none_d1d7e625244f8f11\COMCTL32.dll
0x00007ff965370000 - 0x00007ff9656a6000 	C:\WINDOWS\System32\combase.dll
0x00007ff964160000 - 0x00007ff9641e1000 	C:\WINDOWS\System32\bcryptPrimitives.dll
0x00007ff9665d0000 - 0x00007ff9665fe000 	C:\WINDOWS\System32\IMM32.DLL
0x0000000076ef0000 - 0x0000000076fc2000 	C:\Program Files\Android\Android Studio\jre\jre\bin\msvcr100.dll
0x0000000076fd0000 - 0x0000000077811000 	C:\Program Files\Android\Android Studio\jre\jre\bin\server\jvm.dll
0x00007ff966d40000 - 0x00007ff966d48000 	C:\WINDOWS\System32\PSAPI.DLL
0x00007ff94b0c0000 - 0x00007ff94b0c9000 	C:\WINDOWS\SYSTEM32\WSOCK32.dll
0x00007ff95c1a0000 - 0x00007ff95c1aa000 	C:\WINDOWS\SYSTEM32\VERSION.dll
0x00007ff94eda0000 - 0x00007ff94edc4000 	C:\WINDOWS\SYSTEM32\WINMM.dll
0x00007ff965240000 - 0x00007ff9652af000 	C:\WINDOWS\System32\WS2_32.dll
0x00007ff94ebc0000 - 0x00007ff94ebed000 	C:\WINDOWS\SYSTEM32\winmmbase.dll
0x00007ff9644a0000 - 0x00007ff9644ea000 	C:\WINDOWS\System32\cfgmgr32.dll
0x00007ff95c480000 - 0x00007ff95c48f000 	C:\Program Files\Android\Android Studio\jre\jre\bin\verify.dll
0x00007ff9512d0000 - 0x00007ff9512f9000 	C:\Program Files\Android\Android Studio\jre\jre\bin\java.dll
0x00007ff950ae0000 - 0x00007ff950af6000 	C:\Program Files\Android\Android Studio\jre\jre\bin\zip.dll
0x00007ff965b20000 - 0x00007ff966200000 	C:\WINDOWS\System32\SHELL32.dll
0x00007ff9663c0000 - 0x00007ff966469000 	C:\WINDOWS\System32\shcore.dll
0x00007ff964ac0000 - 0x00007ff96523b000 	C:\WINDOWS\System32\windows.storage.dll
0x00007ff9640a0000 - 0x00007ff9640bf000 	C:\WINDOWS\System32\profapi.dll
0x00007ff9640c0000 - 0x00007ff96410a000 	C:\WINDOWS\System32\powrprof.dll
0x00007ff964050000 - 0x00007ff964060000 	C:\WINDOWS\System32\UMPDC.dll
0x00007ff966f00000 - 0x00007ff966f52000 	C:\WINDOWS\System32\shlwapi.dll
0x00007ff964080000 - 0x00007ff964091000 	C:\WINDOWS\System32\kernel.appcore.dll
0x00007ff964140000 - 0x00007ff964157000 	C:\WINDOWS\System32\cryptsp.dll
0x00007ff950ac0000 - 0x00007ff950ada000 	C:\Program Files\Android\Android Studio\jre\jre\bin\net.dll
0x00007ff9638c0000 - 0x00007ff963927000 	C:\WINDOWS\system32\mswsock.dll
0x00007ff950080000 - 0x00007ff950091000 	C:\Program Files\Android\Android Studio\jre\jre\bin\nio.dll
0x00007ff950b30000 - 0x00007ff950b4e000 	C:\Users\Zed\.gradle\native\25\windows-amd64\native-platform.dll
0x00007ff95c450000 - 0x00007ff95c45d000 	C:\Program Files\Android\Android Studio\jre\jre\bin\management.dll
0x00007ff963480000 - 0x00007ff9634b3000 	C:\WINDOWS\system32\rsaenh.dll
0x00007ff9648a0000 - 0x00007ff9648c6000 	C:\WINDOWS\System32\bcrypt.dll
0x00007ff963f40000 - 0x00007ff963f65000 	C:\WINDOWS\SYSTEM32\USERENV.dll
0x00007ff963a90000 - 0x00007ff963a9c000 	C:\WINDOWS\SYSTEM32\CRYPTBASE.dll
0x00007ff963620000 - 0x00007ff96365a000 	C:\WINDOWS\SYSTEM32\IPHLPAPI.DLL
0x00007ff967030000 - 0x00007ff967038000 	C:\WINDOWS\System32\NSI.dll
0x00007ff953ab0000 - 0x00007ff953ac6000 	C:\WINDOWS\SYSTEM32\dhcpcsvc6.DLL
0x00007ff953a90000 - 0x00007ff953aac000 	C:\WINDOWS\SYSTEM32\dhcpcsvc.DLL
0x00007ff963660000 - 0x00007ff96372a000 	C:\WINDOWS\SYSTEM32\DNSAPI.dll

VM Arguments:
jvm_args: -Xmx1536m -Dfile.encoding=windows-1251 -Duser.country=RU -Duser.language=ru -Duser.variant 
java_command: org.gradle.launcher.daemon.bootstrap.GradleDaemon 4.10.1
java_class_path (initial): C:\Users\Zed\.gradle\wrapper\dists\gradle-4.10.1-all\455itskqi2qtf0v2sja68alqd\gradle-4.10.1\lib\gradle-launcher-4.10.1.jar
Launcher Type: SUN_STANDARD

Environment Variables:
PATH=C:\Program Files (x86)\Common Files\Oracle\Java\javapath;C:\Program Files (x86)\Intel\Intel(R) Management Engine Components\iCLS\;C:\Program Files\Intel\Intel(R) Management Engine Components\iCLS\;C:\WINDOWS\system32;C:\WINDOWS;C:\WINDOWS\System32\Wbem;C:\WINDOWS\System32\WindowsPowerShell\v1.0\;C:\WINDOWS\System32\OpenSSH\;C:\Program Files (x86)\Intel\Intel(R) Management Engine Components\DAL;C:\Program Files\Intel\Intel(R) Management Engine Components\DAL;C:\Program Files (x86)\Intel\Intel(R) Management Engine Components\IPT;C:\Program Files\Intel\Intel(R) Management Engine Components\IPT;C:\Program Files\Intel\WiFi\bin\;C:\Program Files\Common Files\Intel\WirelessCommon\;C:\Users\Zed\AppData\Local\Programs\Python\Python36\Scripts\;C:\Users\Zed\AppData\Local\Programs\Python\Python36\;C:\Users\Zed\AppData\Local\Microsoft\WindowsApps;
USERNAME=Zed
OS=Windows_NT
PROCESSOR_IDENTIFIER=Intel64 Family 6 Model 142 Stepping 10, GenuineIntel



---------------  S Y S T E M  ---------------

OS: Windows 10.0 , 64 bit Build 18362 (10.0.18362.1)

CPU:total 8 (initial active 8) (4 cores per cpu, 2 threads per core) family 6 model 142 stepping 10, cmov, cx8, fxsr, mmx, sse, sse2, sse3, ssse3, sse4.1, sse4.2, popcnt, avx, avx2, aes, clmul, erms, 3dnowpref, lzcnt, ht, tsc, tscinvbit, bmi1, bmi2, adx

Memory: 4k page, physical 12421860k(1334428k free), swap 12421860k(5996k free)

vm_info: OpenJDK 64-Bit Server VM (25.152-b01) for windows-amd64 JRE (1.8.0_152-release-1248-b01), built by "builder" with MS VC++ 10.0 (VS2010)

time: Sat Mar 23 20:48:29 2019
elapsed time: 6 seconds (0d 0h 0m 6s)

